#
# There is insufficient memory for the Java Runtime Environment to continue.
# Native memory allocation (mmap) failed to map 134217728 bytes for G1 virtual space
# Possible reasons:
#   The system is out of physical RAM or swap space
#   The process is running with CompressedOops enabled, and the Java Heap may be blocking the growth of the native heap
# Possible solutions:
#   Reduce memory load on the system
#   Increase physical memory or swap space
#   Check if swap backing store is full
#   Decrease Java heap size (-Xmx/-Xms)
#   Decrease number of Java threads
#   Decrease Java thread stack sizes (-Xss)
#   Set larger code cache with -XX:ReservedCodeCacheSize=
#   JVM is running with Unscaled Compressed Oops mode in which the Java heap is
#     placed in the first 4GB address space. The Java Heap base address is the
#     maximum limit for the native heap growth. Please use -XX:HeapBaseMinAddress
#     to set the Java Heap base and to place the Java Heap above 4GB virtual address.
# This output file may be truncated or incomplete.
#
#  Out of Memory Error (os_windows.cpp:3600), pid=35172, tid=32100
#
# JRE version:  (21.0.1+12) (build )
# Java VM: Java HotSpot(TM) 64-Bit Server VM (21.0.1+12-LTS-29, mixed mode, sharing, tiered, compressed oops, compressed class ptrs, g1 gc, windows-amd64)
# No core dump will be written. Minidumps are not enabled by default on client versions of Windows
#

---------------  S U M M A R Y ------------

Command Line: -Dclassworlds.conf=C:\Users\DELL\.m2\wrapper\dists\apache-maven-3.9.7\744dcc12d591e1ad9413e3296c618fd8\bin\m2.conf -Dmaven.home=C:\Users\DELL\.m2\wrapper\dists\apache-maven-3.9.7\744dcc12d591e1ad9413e3296c618fd8 -Dlibrary.jansi.path=C:\Users\DELL\.m2\wrapper\dists\apache-maven-3.9.7\744dcc12d591e1ad9413e3296c618fd8\lib\jansi-native -Dmaven.multiModuleProjectDirectory=C:\Users\DELL\Downloads\COWORKING\COWORKING org.codehaus.plexus.classworlds.launcher.Launcher spring-boot:run

Host: Intel(R) Core(TM) i7-6600U CPU @ 2.60GHz, 4 cores, 7G,  Windows 11 , 64 bit Build 22621 (10.0.22621.3672)
Time: Sat Aug 10 01:38:59 2024 W. Central Africa Standard Time elapsed time: 0.052760 seconds (0d 0h 0m 0s)

---------------  T H R E A D  ---------------

Current thread (0x0000023b1fd96730):  JavaThread "Unknown thread" [_thread_in_vm, id=32100, stack(0x000000f61d700000,0x000000f61d800000) (1024K)]

Stack: [0x000000f61d700000,0x000000f61d800000]
Native frames: (J=compiled Java code, j=interpreted, Vv=VM code, C=native code)
V  [jvm.dll+0x6c9029]
V  [jvm.dll+0x854b81]
V  [jvm.dll+0x856e5e]
V  [jvm.dll+0x857543]
V  [jvm.dll+0x280c06]
V  [jvm.dll+0x6c5715]
V  [jvm.dll+0x6ba10a]
V  [jvm.dll+0x3557ea]
V  [jvm.dll+0x35d436]
V  [jvm.dll+0x3ae1be]
V  [jvm.dll+0x3ae468]
V  [jvm.dll+0x3291fc]
V  [jvm.dll+0x329d8b]
V  [jvm.dll+0x81d179]
V  [jvm.dll+0x3bb4f1]
V  [jvm.dll+0x805ae8]
V  [jvm.dll+0x44effe]
V  [jvm.dll+0x450901]
C  [jli.dll+0x52a3]
C  [ucrtbase.dll+0x29333]
C  [KERNEL32.DLL+0x1257d]
C  [ntdll.dll+0x5af28]


---------------  P R O C E S S  ---------------

Threads class SMR info:
_java_thread_list=0x00007ffc952e9b88, length=0, elements={
}

Java Threads: ( => current thread )
Total: 0

Other Threads:
  0x0000023b22060200 WorkerThread "GC Thread#0"                     [id=280, stack(0x000000f61d800000,0x000000f61d900000) (1024K)]
  0x0000023b220716b0 ConcurrentGCThread "G1 Main Marker"            [id=6952, stack(0x000000f61d900000,0x000000f61da00000) (1024K)]
  0x0000023b220721b0 WorkerThread "G1 Conc#0"                       [id=35588, stack(0x000000f61da00000,0x000000f61db00000) (1024K)]

[error occurred during error reporting (printing all threads), id 0xc0000005, EXCEPTION_ACCESS_VIOLATION (0xc0000005) at pc=0x00007ffc94a5c2c7]
VM state: not at safepoint (not fully initialized)

VM Mutex/Monitor currently owned by a thread:  ([mutex/lock_event])
[0x00007ffc9535a6f8] Heap_lock - owner thread: 0x0000023b1fd96730

Heap address: 0x0000000081a00000, size: 2022 MB, Compressed Oops mode: 32-bit

CDS archive(s) mapped at: [0x0000000000000000-0x0000000000000000-0x0000000000000000), size 0, SharedBaseAddress: 0x0000000800000000, ArchiveRelocationMode: 1.
Narrow klass base: 0x0000000000000000, Narrow klass shift: 0, Narrow klass range: 0x0

GC Precious Log:
 CardTable entry size: 512
 Card Set container configuration: InlinePtr #cards 5 size 8 Array Of Cards #cards 12 size 40 Howl #buckets 4 coarsen threshold 1843 Howl Bitmap #cards 512 size 80 coarsen threshold 460 Card regions per heap region 1 cards per card region 2048

Heap:
 garbage-first heap   total 0K, used 0K [0x0000000081a00000, 0x0000000100000000)
  region size 1024K, 0 young (0K), 0 survivors (0K)

[error occurred during error reporting (printing heap information), id 0xc0000005, EXCEPTION_ACCESS_VIOLATION (0xc0000005) at pc=0x00007ffc94e41be9]
GC Heap History (0 events):
No events

Dll operation events (1 events):
Event: 0.032 Loaded shared library C:\Program Files\Java\jdk-21\bin\java.dll

Deoptimization events (0 events):
No events

Classes loaded (0 events):
No events

Classes unloaded (0 events):
No events

Classes redefined (0 events):
No events

Internal exceptions (0 events):
No events

ZGC Phase Switch (0 events):
No events

VM Operations (0 events):
No events

Events (0 events):
No events


Dynamic libraries:
0x00007ff635bf0000 - 0x00007ff635c00000 	C:\Program Files\Java\jdk-21\bin\java.exe
0x00007ffd406f0000 - 0x00007ffd40907000 	C:\Windows\SYSTEM32\ntdll.dll
0x00007ffd3fe20000 - 0x00007ffd3fee4000 	C:\Windows\System32\KERNEL32.DLL
0x00007ffd3df60000 - 0x00007ffd3e30d000 	C:\Windows\System32\KERNELBASE.dll
0x00007ffd3dcf0000 - 0x00007ffd3de01000 	C:\Windows\System32\ucrtbase.dll
0x00007ffd2d8b0000 - 0x00007ffd2d8c9000 	C:\Program Files\Java\jdk-21\bin\jli.dll
0x00007ffd40570000 - 0x00007ffd40622000 	C:\Windows\System32\ADVAPI32.dll
0x00007ffd3e430000 - 0x00007ffd3e4d7000 	C:\Windows\System32\msvcrt.dll
0x00007ffd3e690000 - 0x00007ffd3e739000 	C:\Windows\System32\sechost.dll
0x00007ffd3e400000 - 0x00007ffd3e428000 	C:\Windows\System32\bcrypt.dll
0x00007ffd3f980000 - 0x00007ffd3fa94000 	C:\Windows\System32\RPCRT4.dll
0x00007ffd3fb70000 - 0x00007ffd3fd1e000 	C:\Windows\System32\USER32.dll
0x00007ffd3de10000 - 0x00007ffd3de36000 	C:\Windows\System32\win32u.dll
0x00007ffd3eda0000 - 0x00007ffd3edc9000 	C:\Windows\System32\GDI32.dll
0x00007ffd3de40000 - 0x00007ffd3df59000 	C:\Windows\System32\gdi32full.dll
0x00007ffd3dc50000 - 0x00007ffd3dcea000 	C:\Windows\System32\msvcp_win.dll
0x00007ffd2dda0000 - 0x00007ffd2ddbb000 	C:\Program Files\Java\jdk-21\bin\VCRUNTIME140.dll
0x00007ffd28920000 - 0x00007ffd28bb3000 	C:\Windows\WinSxS\amd64_microsoft.windows.common-controls_6595b64144ccf1df_6.0.22621.3672_none_2713b9d173822955\COMCTL32.dll
0x00007ffd3d580000 - 0x00007ffd3d58a000 	C:\Windows\SYSTEM32\VERSION.dll
0x00007ffd40040000 - 0x00007ffd40071000 	C:\Windows\System32\IMM32.DLL
0x00000000523c0000 - 0x00000000523cc000 	C:\Program Files (x86)\360\Total Security\safemon\SafeWrapper.dll
0x00007ffcdc9f0000 - 0x00007ffcdca82000 	C:\Program Files (x86)\360\Total Security\safemon\libzdtp64.dll
0x00007ffd3edd0000 - 0x00007ffd3f62f000 	C:\Windows\System32\SHELL32.dll
0x00007ffd3f630000 - 0x00007ffd3f68e000 	C:\Windows\System32\SHLWAPI.dll
0x00007ffd3a6e0000 - 0x00007ffd3a6ec000 	C:\Program Files\Java\jdk-21\bin\vcruntime140_1.dll
0x00007ffcd5860000 - 0x00007ffcd58ee000 	C:\Program Files\Java\jdk-21\bin\msvcp140.dll
0x00007ffc94720000 - 0x00007ffc95435000 	C:\Program Files\Java\jdk-21\bin\server\jvm.dll
0x00007ffd3ed20000 - 0x00007ffd3ed91000 	C:\Windows\System32\WS2_32.dll
0x00007ffd3d8e0000 - 0x00007ffd3d92d000 	C:\Windows\SYSTEM32\POWRPROF.dll
0x00007ffd31ff0000 - 0x00007ffd32024000 	C:\Windows\SYSTEM32\WINMM.dll
0x00007ffd3d8c0000 - 0x00007ffd3d8d3000 	C:\Windows\SYSTEM32\UMPDC.dll
0x00007ffd3c9a0000 - 0x00007ffd3c9b8000 	C:\Windows\SYSTEM32\kernel.appcore.dll
0x00007ffd34390000 - 0x00007ffd3439a000 	C:\Program Files\Java\jdk-21\bin\jimage.dll
0x00007ffd3aca0000 - 0x00007ffd3aed2000 	C:\Windows\SYSTEM32\DBGHELP.DLL
0x00007ffd40080000 - 0x00007ffd40408000 	C:\Windows\System32\combase.dll
0x00007ffd3fef0000 - 0x00007ffd3ffc7000 	C:\Windows\System32\OLEAUT32.dll
0x00007ffd218c0000 - 0x00007ffd218f2000 	C:\Windows\SYSTEM32\dbgcore.DLL
0x00007ffd3e380000 - 0x00007ffd3e3fb000 	C:\Windows\System32\bcryptPrimitives.dll
0x00007ffd2d6b0000 - 0x00007ffd2d6cf000 	C:\Program Files\Java\jdk-21\bin\java.dll

dbghelp: loaded successfully - version: 4.0.5 - missing functions: none
symbol engine: initialized successfully - sym options: 0x614 - pdb path: .;C:\Program Files\Java\jdk-21\bin;C:\Windows\SYSTEM32;C:\Windows\WinSxS\amd64_microsoft.windows.common-controls_6595b64144ccf1df_6.0.22621.3672_none_2713b9d173822955;C:\Program Files (x86)\360\Total Security\safemon;C:\Program Files\Java\jdk-21\bin\server

VM Arguments:
jvm_args: -Dclassworlds.conf=C:\Users\DELL\.m2\wrapper\dists\apache-maven-3.9.7\744dcc12d591e1ad9413e3296c618fd8\bin\m2.conf -Dmaven.home=C:\Users\DELL\.m2\wrapper\dists\apache-maven-3.9.7\744dcc12d591e1ad9413e3296c618fd8 -Dlibrary.jansi.path=C:\Users\DELL\.m2\wrapper\dists\apache-maven-3.9.7\744dcc12d591e1ad9413e3296c618fd8\lib\jansi-native -Dmaven.multiModuleProjectDirectory=C:\Users\DELL\Downloads\COWORKING\COWORKING 
java_command: org.codehaus.plexus.classworlds.launcher.Launcher spring-boot:run
java_class_path (initial): C:\Users\DELL\.m2\wrapper\dists\apache-maven-3.9.7\744dcc12d591e1ad9413e3296c618fd8\boot\plexus-classworlds-2.8.0.jar
Launcher Type: SUN_STANDARD

[Global flags]
     intx CICompilerCount                          = 3                                         {product} {ergonomic}
     uint ConcGCThreads                            = 1                                         {product} {ergonomic}
     uint G1ConcRefinementThreads                  = 4                                         {product} {ergonomic}
   size_t G1HeapRegionSize                         = 1048576                                   {product} {ergonomic}
    uintx GCDrainStackTargetSize                   = 64                                        {product} {ergonomic}
   size_t InitialHeapSize                          = 134217728                                 {product} {ergonomic}
   size_t MarkStackSize                            = 4194304                                   {product} {ergonomic}
   size_t MaxHeapSize                              = 2120220672                                {product} {ergonomic}
   size_t MinHeapDeltaBytes                        = 1048576                                   {product} {ergonomic}
   size_t MinHeapSize                              = 8388608                                   {product} {ergonomic}
    uintx NonNMethodCodeHeapSize                   = 5832780                                {pd product} {ergonomic}
    uintx NonProfiledCodeHeapSize                  = 122912730                              {pd product} {ergonomic}
    uintx ProfiledCodeHeapSize                     = 122912730                              {pd product} {ergonomic}
    uintx ReservedCodeCacheSize                    = 251658240                              {pd product} {ergonomic}
     bool SegmentedCodeCache                       = true                                      {product} {ergonomic}
   size_t SoftMaxHeapSize                          = 2120220672                             {manageable} {ergonomic}
     bool UseCompressedOops                        = true                           {product lp64_product} {ergonomic}
     bool UseG1GC                                  = true                                      {product} {ergonomic}
     bool UseLargePagesIndividualAllocation        = false                                  {pd product} {ergonomic}

Logging:
Log output configuration:
 #0: stdout all=warning uptime,level,tags foldmultilines=false
 #1: stderr all=off uptime,level,tags foldmultilines=false

Environment Variables:
JAVA_HOME=C:\Program Files\Java\jdk-21
PATH=C:\Program Files\Common Files\Oracle\Java\javapath;C:\Windows\system32;C:\Windows;C:\Windows\System32\Wbem;C:\Windows\System32\WindowsPowerShell\v1.0\;C:\Windows\System32\OpenSSH\;C:\Program Files (x86)\Microsoft SQL Server\150\DTS\Binn\;C:\Program Files\Microsoft SQL Server\Client SDK\ODBC\130\Tools\Binn\;C:\Program Files (x86)\Microsoft SQL Server\140\Tools\Binn\;C:\Program Files\Microsoft SQL Server\140\Tools\Binn\;C:\Program Files\Microsoft SQL Server\140\DTS\Binn\;C:\Program Files\Go\bin;C:\Program Files\nodejs\;C:\Program Files\Docker\Docker\resources\bin;%JAVA_HOME%\bin;C:\Program Files\Git\cmd;C:\Program Files\MySQL\MySQL Shell 8.0\bin\;C:\Users\DELL\AppData\Local\Programs\Python\Python312\Scripts\;C:\Users\DELL\AppData\Local\Programs\Python\Python312\;C:\Users\DELL\AppData\Local\Microsoft\WindowsApps;;C:\Program Files\JetBrains\IntelliJ IDEA 2023.2.5\bin;;C:\Program Files\mongosh\;C:\Users\DELL\go\bin;C:\Users\DELL\AppData\Local\Programs\Microsoft VS Code\bin;C:\Users\DELL\AppData\Roaming\npm
USERNAME=DELL
OS=Windows_NT
PROCESSOR_IDENTIFIER=Intel64 Family 6 Model 78 Stepping 3, GenuineIntel
TMP=C:\Users\DELL\AppData\Local\Temp
TEMP=C:\Users\DELL\AppData\Local\Temp




Periodic native trim disabled

---------------  S Y S T E M  ---------------

OS:
 Windows 11 , 64 bit Build 22621 (10.0.22621.3672)
OS uptime: 0 days 14:52 hours
Hyper-V role detected

CPU: total 4 (initial active 4) (2 cores per cpu, 2 threads per core) family 6 model 78 stepping 3 microcode 0xd6, cx8, cmov, fxsr, ht, mmx, 3dnowpref, sse, sse2, sse3, ssse3, sse4.1, sse4.2, popcnt, lzcnt, tsc, tscinvbit, avx, avx2, aes, erms, clmul, bmi1, bmi2, rtm, adx, fma, vzeroupper, clflush, clflushopt, hv, rdtscp, f16c
Processor Information for all 4 processors :
  Max Mhz: 2801, Current Mhz: 2801, Mhz Limit: 2801

Memory: 4k page, system-wide physical 8084M (531M free)
TotalPageFile size 32660M (AvailPageFile size 64M)
current process WorkingSet (physical memory assigned to process): 12M, peak: 12M
current process commit charge ("private bytes"): 52M, peak: 180M

vm_info: Java HotSpot(TM) 64-Bit Server VM (21.0.1+12-LTS-29) for windows-amd64 JRE (21.0.1+12-LTS-29), built on 2023-10-05T13:27:09Z by "mach5one" with MS VC++ 17.1 (VS2022)

END.
