#
# There is insufficient memory for the Java Runtime Environment to continue.
# Native memory allocation (malloc) failed to allocate 256448 bytes for Chunk::new
# Possible reasons:
#   The system is out of physical RAM or swap space
#   The process is running with CompressedOops enabled, and the Java Heap may be blocking the growth of the native heap
# Possible solutions:
#   Reduce memory load on the system
#   Increase physical memory or swap space
#   Check if swap backing store is full
#   Decrease Java heap size (-Xmx/-Xms)
#   Decrease number of Java threads
#   Decrease Java thread stack sizes (-Xss)
#   Set larger code cache with -XX:ReservedCodeCacheSize=
#   JVM is running with Unscaled Compressed Oops mode in which the Java heap is
#     placed in the first 4GB address space. The Java Heap base address is the
#     maximum limit for the native heap growth. Please use -XX:HeapBaseMinAddress
#     to set the Java Heap base and to place the Java Heap above 4GB virtual address.
# This output file may be truncated or incomplete.
#
#  Out of Memory Error (arena.cpp:168), pid=19732, tid=26376
#
# JRE version: Java(TM) SE Runtime Environment (21.0.1+12) (build 21.0.1+12-LTS-29)
# Java VM: Java HotSpot(TM) 64-Bit Server VM (21.0.1+12-LTS-29, mixed mode, sharing, tiered, compressed oops, compressed class ptrs, g1 gc, windows-amd64)
# No core dump will be written. Minidumps are not enabled by default on client versions of Windows
#

---------------  S U M M A R Y ------------

Command Line: -ea -Didea.test.cyclic.buffer.size=1048576 -javaagent:C:\Program Files\JetBrains\IntelliJ IDEA 2023.2.5\lib\idea_rt.jar=54417:C:\Program Files\JetBrains\IntelliJ IDEA 2023.2.5\bin -Dfile.encoding=UTF-8 -Dsun.stdout.encoding=UTF-8 -Dsun.stderr.encoding=UTF-8 com.intellij.rt.junit.JUnitStarter -ideVersion5 -junit5 com.COWORK.COWORKING.services.impl.UserServicesImplTest,testLogIn

Host: Intel(R) Core(TM) i7-6600U CPU @ 2.60GHz, 4 cores, 7G,  Windows 11 , 64 bit Build 22621 (10.0.22621.3672)
Time: Mon Aug 12 21:34:21 2024 W. Central Africa Standard Time elapsed time: 8.070028 seconds (0d 0h 0m 8s)

---------------  T H R E A D  ---------------

Current thread (0x000001cefe52e4a0):  JavaThread "C2 CompilerThread1" daemon [_thread_in_native, id=26376, stack(0x000000a389500000,0x000000a389600000) (1024K)]


Current CompileTask:
C2:   8070 2570       4       jdk.internal.jimage.ImageLocation::verify (218 bytes)

Stack: [0x000000a389500000,0x000000a389600000]
Native frames: (J=compiled Java code, j=interpreted, Vv=VM code, C=native code)
V  [jvm.dll+0x6c9029]
V  [jvm.dll+0x854b81]
V  [jvm.dll+0x856e5e]
V  [jvm.dll+0x857543]
V  [jvm.dll+0x280c06]
V  [jvm.dll+0xc3ead]
V  [jvm.dll+0xc43c3]
V  [jvm.dll+0x3b576c]
V  [jvm.dll+0x1e20b9]
V  [jvm.dll+0x249c22]
V  [jvm.dll+0x2490b1]
V  [jvm.dll+0x1c9ca1]
V  [jvm.dll+0x2586b9]
V  [jvm.dll+0x256c9a]
V  [jvm.dll+0x3ef1b6]
V  [jvm.dll+0x7fd728]
V  [jvm.dll+0x6c777d]
C  [ucrtbase.dll+0x29333]
C  [KERNEL32.DLL+0x1257d]
C  [ntdll.dll+0x5af28]


---------------  P R O C E S S  ---------------

Threads class SMR info:
_java_thread_list=0x000001cefe602e90, length=14, elements={
0x000001cee0e69740, 0x000001cefcd074b0, 0x000001cefcd08580, 0x000001cefcd0a500,
0x000001cefcd0b160, 0x000001cefcd0ebe0, 0x000001cefcd0f640, 0x000001cefcd103d0,
0x000001cefd058560, 0x000001cefccd6b70, 0x000001cefd2b3790, 0x000001cefd2bc280,
0x000001cefe46cab0, 0x000001cefe52e4a0
}

Java Threads: ( => current thread )
  0x000001cee0e69740 JavaThread "main"                              [_thread_in_Java, id=20952, stack(0x000000a387f00000,0x000000a388000000) (1024K)]
  0x000001cefcd074b0 JavaThread "Reference Handler"          daemon [_thread_blocked, id=27148, stack(0x000000a388700000,0x000000a388800000) (1024K)]
  0x000001cefcd08580 JavaThread "Finalizer"                  daemon [_thread_blocked, id=19504, stack(0x000000a388800000,0x000000a388900000) (1024K)]
  0x000001cefcd0a500 JavaThread "Signal Dispatcher"          daemon [_thread_blocked, id=25364, stack(0x000000a388900000,0x000000a388a00000) (1024K)]
  0x000001cefcd0b160 JavaThread "Attach Listener"            daemon [_thread_blocked, id=16712, stack(0x000000a388a00000,0x000000a388b00000) (1024K)]
  0x000001cefcd0ebe0 JavaThread "Service Thread"             daemon [_thread_blocked, id=2652, stack(0x000000a388b00000,0x000000a388c00000) (1024K)]
  0x000001cefcd0f640 JavaThread "Monitor Deflation Thread"   daemon [_thread_blocked, id=23148, stack(0x000000a388c00000,0x000000a388d00000) (1024K)]
  0x000001cefcd103d0 JavaThread "C2 CompilerThread0"         daemon [_thread_in_native, id=16092, stack(0x000000a388d00000,0x000000a388e00000) (1024K)]
  0x000001cefd058560 JavaThread "C1 CompilerThread0"         daemon [_thread_blocked, id=23572, stack(0x000000a388e00000,0x000000a388f00000) (1024K)]
  0x000001cefccd6b70 JavaThread "Common-Cleaner"             daemon [_thread_blocked, id=14568, stack(0x000000a388f00000,0x000000a389000000) (1024K)]
  0x000001cefd2b3790 JavaThread "Monitor Ctrl-Break"         daemon [_thread_in_native, id=21796, stack(0x000000a389000000,0x000000a389100000) (1024K)]
  0x000001cefd2bc280 JavaThread "Notification Thread"        daemon [_thread_blocked, id=17508, stack(0x000000a389100000,0x000000a389200000) (1024K)]
  0x000001cefe46cab0 JavaThread "background-preinit"                [_thread_in_native, id=26008, stack(0x000000a389600000,0x000000a389700000) (1024K)]
=>0x000001cefe52e4a0 JavaThread "C2 CompilerThread1"         daemon [_thread_in_native, id=26376, stack(0x000000a389500000,0x000000a389600000) (1024K)]
Total: 14

Other Threads:
  0x000001cefcceba80 VMThread "VM Thread"                           [id=6984, stack(0x000000a388600000,0x000000a388700000) (1024K)]
  0x000001cefccd5c10 WatcherThread "VM Periodic Task Thread"        [id=18956, stack(0x000000a388500000,0x000000a388600000) (1024K)]
  0x000001cee0ec4470 WorkerThread "GC Thread#0"                     [id=20744, stack(0x000000a388000000,0x000000a388100000) (1024K)]
  0x000001cefda386a0 WorkerThread "GC Thread#1"                     [id=11164, stack(0x000000a389200000,0x000000a389300000) (1024K)]
  0x000001cefda38a40 WorkerThread "GC Thread#2"                     [id=26740, stack(0x000000a389300000,0x000000a389400000) (1024K)]
  0x000001cefda25e00 WorkerThread "GC Thread#3"                     [id=12956, stack(0x000000a389400000,0x000000a389500000) (1024K)]
  0x000001cee0ed6120 ConcurrentGCThread "G1 Main Marker"            [id=11388, stack(0x000000a388100000,0x000000a388200000) (1024K)]
  0x000001cee0ed6c20 WorkerThread "G1 Conc#0"                       [id=22700, stack(0x000000a388200000,0x000000a388300000) (1024K)]
  0x000001cefcb980b0 ConcurrentGCThread "G1 Refine#0"               [id=19892, stack(0x000000a388300000,0x000000a388400000) (1024K)]
  0x000001cefcb98c20 ConcurrentGCThread "G1 Service"                [id=24548, stack(0x000000a388400000,0x000000a388500000) (1024K)]
Total: 10

Threads with active compile tasks:
C2 CompilerThread0     8157 2470   !   4       jdk.internal.loader.BuiltinClassLoader::loadClassOrNull (143 bytes)
C2 CompilerThread1     8157 2570       4       jdk.internal.jimage.ImageLocation::verify (218 bytes)
Total: 2

VM state: not at safepoint (normal execution)

VM Mutex/Monitor currently owned by a thread: None

Heap address: 0x0000000081a00000, size: 2022 MB, Compressed Oops mode: 32-bit

CDS archive(s) mapped at: [0x000001ce80000000-0x000001ce80c90000-0x000001ce80c90000), size 13172736, SharedBaseAddress: 0x000001ce80000000, ArchiveRelocationMode: 1.
Compressed class space mapped at: 0x000001ce81000000-0x000001cec1000000, reserved size: 1073741824
Narrow klass base: 0x000001ce80000000, Narrow klass shift: 0, Narrow klass range: 0x100000000

GC Precious Log:
 CardTable entry size: 512
 Card Set container configuration: InlinePtr #cards 5 size 8 Array Of Cards #cards 12 size 40 Howl #buckets 4 coarsen threshold 1843 Howl Bitmap #cards 512 size 80 coarsen threshold 460 Card regions per heap region 1 cards per card region 2048
 CPUs: 4 total, 4 available
 Memory: 8084M
 Large Page Support: Disabled
 NUMA Support: Disabled
 Compressed Oops: Enabled (32-bit)
 Heap Region Size: 1M
 Heap Min Capacity: 8M
 Heap Initial Capacity: 128M
 Heap Max Capacity: 2022M
 Pre-touch: Disabled
 Parallel Workers: 4
 Concurrent Workers: 1
 Concurrent Refinement Workers: 4
 Periodic GC: Disabled

Heap:
 garbage-first heap   total 131072K, used 45628K [0x0000000081a00000, 0x0000000100000000)
  region size 1024K, 38 young (38912K), 3 survivors (3072K)
 Metaspace       used 18569K, committed 18944K, reserved 1114112K
  class space    used 2525K, committed 2688K, reserved 1048576K

Heap Regions: E=young(eden), S=young(survivor), O=old, HS=humongous(starts), HC=humongous(continues), CS=collection set, F=free, TAMS=top-at-mark-start, PB=parsable bottom
|   0|0x0000000081a00000, 0x0000000081b00000, 0x0000000081b00000|100%|HS|  |TAMS 0x0000000081a00000| PB 0x0000000081a00000| Complete 
|   1|0x0000000081b00000, 0x0000000081c00000, 0x0000000081c00000|100%| O|  |TAMS 0x0000000081b00000| PB 0x0000000081b00000| Untracked 
|   2|0x0000000081c00000, 0x0000000081d00000, 0x0000000081d00000|100%| O|  |TAMS 0x0000000081c00000| PB 0x0000000081c00000| Untracked 
|   3|0x0000000081d00000, 0x0000000081e00000, 0x0000000081e00000|100%| O|  |TAMS 0x0000000081d00000| PB 0x0000000081d00000| Untracked 
|   4|0x0000000081e00000, 0x0000000081f00000, 0x0000000081f00000|100%| O|  |TAMS 0x0000000081e00000| PB 0x0000000081e00000| Untracked 
|   5|0x0000000081f00000, 0x0000000082000000, 0x0000000082000000|100%| O|  |TAMS 0x0000000081f00000| PB 0x0000000081f00000| Untracked 
|   6|0x0000000082000000, 0x0000000082100000, 0x0000000082100000|100%| O|  |TAMS 0x0000000082000000| PB 0x0000000082000000| Untracked 
|   7|0x0000000082100000, 0x00000000821c89d0, 0x0000000082200000| 78%| O|  |TAMS 0x0000000082100000| PB 0x0000000082100000| Untracked 
|   8|0x0000000082200000, 0x0000000082200000, 0x0000000082300000|  0%| F|  |TAMS 0x0000000082200000| PB 0x0000000082200000| Untracked 
|   9|0x0000000082300000, 0x0000000082300000, 0x0000000082400000|  0%| F|  |TAMS 0x0000000082300000| PB 0x0000000082300000| Untracked 
|  10|0x0000000082400000, 0x0000000082400000, 0x0000000082500000|  0%| F|  |TAMS 0x0000000082400000| PB 0x0000000082400000| Untracked 
|  11|0x0000000082500000, 0x0000000082500000, 0x0000000082600000|  0%| F|  |TAMS 0x0000000082500000| PB 0x0000000082500000| Untracked 
|  12|0x0000000082600000, 0x0000000082600000, 0x0000000082700000|  0%| F|  |TAMS 0x0000000082600000| PB 0x0000000082600000| Untracked 
|  13|0x0000000082700000, 0x0000000082700000, 0x0000000082800000|  0%| F|  |TAMS 0x0000000082700000| PB 0x0000000082700000| Untracked 
|  14|0x0000000082800000, 0x0000000082800000, 0x0000000082900000|  0%| F|  |TAMS 0x0000000082800000| PB 0x0000000082800000| Untracked 
|  15|0x0000000082900000, 0x0000000082900000, 0x0000000082a00000|  0%| F|  |TAMS 0x0000000082900000| PB 0x0000000082900000| Untracked 
|  16|0x0000000082a00000, 0x0000000082a00000, 0x0000000082b00000|  0%| F|  |TAMS 0x0000000082a00000| PB 0x0000000082a00000| Untracked 
|  17|0x0000000082b00000, 0x0000000082b00000, 0x0000000082c00000|  0%| F|  |TAMS 0x0000000082b00000| PB 0x0000000082b00000| Untracked 
|  18|0x0000000082c00000, 0x0000000082c00000, 0x0000000082d00000|  0%| F|  |TAMS 0x0000000082c00000| PB 0x0000000082c00000| Untracked 
|  19|0x0000000082d00000, 0x0000000082d00000, 0x0000000082e00000|  0%| F|  |TAMS 0x0000000082d00000| PB 0x0000000082d00000| Untracked 
|  20|0x0000000082e00000, 0x0000000082e00000, 0x0000000082f00000|  0%| F|  |TAMS 0x0000000082e00000| PB 0x0000000082e00000| Untracked 
|  21|0x0000000082f00000, 0x0000000082f00000, 0x0000000083000000|  0%| F|  |TAMS 0x0000000082f00000| PB 0x0000000082f00000| Untracked 
|  22|0x0000000083000000, 0x0000000083000000, 0x0000000083100000|  0%| F|  |TAMS 0x0000000083000000| PB 0x0000000083000000| Untracked 
|  23|0x0000000083100000, 0x0000000083100000, 0x0000000083200000|  0%| F|  |TAMS 0x0000000083100000| PB 0x0000000083100000| Untracked 
|  24|0x0000000083200000, 0x0000000083200000, 0x0000000083300000|  0%| F|  |TAMS 0x0000000083200000| PB 0x0000000083200000| Untracked 
|  25|0x0000000083300000, 0x0000000083300000, 0x0000000083400000|  0%| F|  |TAMS 0x0000000083300000| PB 0x0000000083300000| Untracked 
|  26|0x0000000083400000, 0x0000000083400000, 0x0000000083500000|  0%| F|  |TAMS 0x0000000083400000| PB 0x0000000083400000| Untracked 
|  27|0x0000000083500000, 0x0000000083500000, 0x0000000083600000|  0%| F|  |TAMS 0x0000000083500000| PB 0x0000000083500000| Untracked 
|  28|0x0000000083600000, 0x0000000083600000, 0x0000000083700000|  0%| F|  |TAMS 0x0000000083600000| PB 0x0000000083600000| Untracked 
|  29|0x0000000083700000, 0x0000000083700000, 0x0000000083800000|  0%| F|  |TAMS 0x0000000083700000| PB 0x0000000083700000| Untracked 
|  30|0x0000000083800000, 0x0000000083800000, 0x0000000083900000|  0%| F|  |TAMS 0x0000000083800000| PB 0x0000000083800000| Untracked 
|  31|0x0000000083900000, 0x0000000083900000, 0x0000000083a00000|  0%| F|  |TAMS 0x0000000083900000| PB 0x0000000083900000| Untracked 
|  32|0x0000000083a00000, 0x0000000083a00000, 0x0000000083b00000|  0%| F|  |TAMS 0x0000000083a00000| PB 0x0000000083a00000| Untracked 
|  33|0x0000000083b00000, 0x0000000083b00000, 0x0000000083c00000|  0%| F|  |TAMS 0x0000000083b00000| PB 0x0000000083b00000| Untracked 
|  34|0x0000000083c00000, 0x0000000083c00000, 0x0000000083d00000|  0%| F|  |TAMS 0x0000000083c00000| PB 0x0000000083c00000| Untracked 
|  35|0x0000000083d00000, 0x0000000083d00000, 0x0000000083e00000|  0%| F|  |TAMS 0x0000000083d00000| PB 0x0000000083d00000| Untracked 
|  36|0x0000000083e00000, 0x0000000083e00000, 0x0000000083f00000|  0%| F|  |TAMS 0x0000000083e00000| PB 0x0000000083e00000| Untracked 
|  37|0x0000000083f00000, 0x0000000083f00000, 0x0000000084000000|  0%| F|  |TAMS 0x0000000083f00000| PB 0x0000000083f00000| Untracked 
|  38|0x0000000084000000, 0x0000000084000000, 0x0000000084100000|  0%| F|  |TAMS 0x0000000084000000| PB 0x0000000084000000| Untracked 
|  39|0x0000000084100000, 0x0000000084100000, 0x0000000084200000|  0%| F|  |TAMS 0x0000000084100000| PB 0x0000000084100000| Untracked 
|  40|0x0000000084200000, 0x0000000084200000, 0x0000000084300000|  0%| F|  |TAMS 0x0000000084200000| PB 0x0000000084200000| Untracked 
|  41|0x0000000084300000, 0x0000000084300000, 0x0000000084400000|  0%| F|  |TAMS 0x0000000084300000| PB 0x0000000084300000| Untracked 
|  42|0x0000000084400000, 0x0000000084400000, 0x0000000084500000|  0%| F|  |TAMS 0x0000000084400000| PB 0x0000000084400000| Untracked 
|  43|0x0000000084500000, 0x0000000084500000, 0x0000000084600000|  0%| F|  |TAMS 0x0000000084500000| PB 0x0000000084500000| Untracked 
|  44|0x0000000084600000, 0x0000000084600000, 0x0000000084700000|  0%| F|  |TAMS 0x0000000084600000| PB 0x0000000084600000| Untracked 
|  45|0x0000000084700000, 0x0000000084700000, 0x0000000084800000|  0%| F|  |TAMS 0x0000000084700000| PB 0x0000000084700000| Untracked 
|  46|0x0000000084800000, 0x0000000084800000, 0x0000000084900000|  0%| F|  |TAMS 0x0000000084800000| PB 0x0000000084800000| Untracked 
|  47|0x0000000084900000, 0x0000000084900000, 0x0000000084a00000|  0%| F|  |TAMS 0x0000000084900000| PB 0x0000000084900000| Untracked 
|  48|0x0000000084a00000, 0x0000000084a00000, 0x0000000084b00000|  0%| F|  |TAMS 0x0000000084a00000| PB 0x0000000084a00000| Untracked 
|  49|0x0000000084b00000, 0x0000000084b00000, 0x0000000084c00000|  0%| F|  |TAMS 0x0000000084b00000| PB 0x0000000084b00000| Untracked 
|  50|0x0000000084c00000, 0x0000000084c00000, 0x0000000084d00000|  0%| F|  |TAMS 0x0000000084c00000| PB 0x0000000084c00000| Untracked 
|  51|0x0000000084d00000, 0x0000000084d00000, 0x0000000084e00000|  0%| F|  |TAMS 0x0000000084d00000| PB 0x0000000084d00000| Untracked 
|  52|0x0000000084e00000, 0x0000000084e00000, 0x0000000084f00000|  0%| F|  |TAMS 0x0000000084e00000| PB 0x0000000084e00000| Untracked 
|  53|0x0000000084f00000, 0x0000000084f00000, 0x0000000085000000|  0%| F|  |TAMS 0x0000000084f00000| PB 0x0000000084f00000| Untracked 
|  54|0x0000000085000000, 0x0000000085000000, 0x0000000085100000|  0%| F|  |TAMS 0x0000000085000000| PB 0x0000000085000000| Untracked 
|  55|0x0000000085100000, 0x0000000085100000, 0x0000000085200000|  0%| F|  |TAMS 0x0000000085100000| PB 0x0000000085100000| Untracked 
|  56|0x0000000085200000, 0x0000000085200000, 0x0000000085300000|  0%| F|  |TAMS 0x0000000085200000| PB 0x0000000085200000| Untracked 
|  57|0x0000000085300000, 0x0000000085300000, 0x0000000085400000|  0%| F|  |TAMS 0x0000000085300000| PB 0x0000000085300000| Untracked 
|  58|0x0000000085400000, 0x0000000085400000, 0x0000000085500000|  0%| F|  |TAMS 0x0000000085400000| PB 0x0000000085400000| Untracked 
|  59|0x0000000085500000, 0x0000000085500000, 0x0000000085600000|  0%| F|  |TAMS 0x0000000085500000| PB 0x0000000085500000| Untracked 
|  60|0x0000000085600000, 0x0000000085600000, 0x0000000085700000|  0%| F|  |TAMS 0x0000000085600000| PB 0x0000000085600000| Untracked 
|  61|0x0000000085700000, 0x0000000085700000, 0x0000000085800000|  0%| F|  |TAMS 0x0000000085700000| PB 0x0000000085700000| Untracked 
|  62|0x0000000085800000, 0x0000000085800000, 0x0000000085900000|  0%| F|  |TAMS 0x0000000085800000| PB 0x0000000085800000| Untracked 
|  63|0x0000000085900000, 0x0000000085900000, 0x0000000085a00000|  0%| F|  |TAMS 0x0000000085900000| PB 0x0000000085900000| Untracked 
|  64|0x0000000085a00000, 0x0000000085a00000, 0x0000000085b00000|  0%| F|  |TAMS 0x0000000085a00000| PB 0x0000000085a00000| Untracked 
|  65|0x0000000085b00000, 0x0000000085b00000, 0x0000000085c00000|  0%| F|  |TAMS 0x0000000085b00000| PB 0x0000000085b00000| Untracked 
|  66|0x0000000085c00000, 0x0000000085c00000, 0x0000000085d00000|  0%| F|  |TAMS 0x0000000085c00000| PB 0x0000000085c00000| Untracked 
|  67|0x0000000085d00000, 0x0000000085d00000, 0x0000000085e00000|  0%| F|  |TAMS 0x0000000085d00000| PB 0x0000000085d00000| Untracked 
|  68|0x0000000085e00000, 0x0000000085e00000, 0x0000000085f00000|  0%| F|  |TAMS 0x0000000085e00000| PB 0x0000000085e00000| Untracked 
|  69|0x0000000085f00000, 0x0000000085f00000, 0x0000000086000000|  0%| F|  |TAMS 0x0000000085f00000| PB 0x0000000085f00000| Untracked 
|  70|0x0000000086000000, 0x0000000086000000, 0x0000000086100000|  0%| F|  |TAMS 0x0000000086000000| PB 0x0000000086000000| Untracked 
|  71|0x0000000086100000, 0x0000000086100000, 0x0000000086200000|  0%| F|  |TAMS 0x0000000086100000| PB 0x0000000086100000| Untracked 
|  72|0x0000000086200000, 0x0000000086200000, 0x0000000086300000|  0%| F|  |TAMS 0x0000000086200000| PB 0x0000000086200000| Untracked 
|  73|0x0000000086300000, 0x0000000086300000, 0x0000000086400000|  0%| F|  |TAMS 0x0000000086300000| PB 0x0000000086300000| Untracked 
|  74|0x0000000086400000, 0x0000000086400000, 0x0000000086500000|  0%| F|  |TAMS 0x0000000086400000| PB 0x0000000086400000| Untracked 
|  75|0x0000000086500000, 0x0000000086500000, 0x0000000086600000|  0%| F|  |TAMS 0x0000000086500000| PB 0x0000000086500000| Untracked 
|  76|0x0000000086600000, 0x0000000086600000, 0x0000000086700000|  0%| F|  |TAMS 0x0000000086600000| PB 0x0000000086600000| Untracked 
|  77|0x0000000086700000, 0x0000000086700000, 0x0000000086800000|  0%| F|  |TAMS 0x0000000086700000| PB 0x0000000086700000| Untracked 
|  78|0x0000000086800000, 0x0000000086800000, 0x0000000086900000|  0%| F|  |TAMS 0x0000000086800000| PB 0x0000000086800000| Untracked 
|  79|0x0000000086900000, 0x0000000086900000, 0x0000000086a00000|  0%| F|  |TAMS 0x0000000086900000| PB 0x0000000086900000| Untracked 
|  80|0x0000000086a00000, 0x0000000086a00000, 0x0000000086b00000|  0%| F|  |TAMS 0x0000000086a00000| PB 0x0000000086a00000| Untracked 
|  81|0x0000000086b00000, 0x0000000086b00000, 0x0000000086c00000|  0%| F|  |TAMS 0x0000000086b00000| PB 0x0000000086b00000| Untracked 
|  82|0x0000000086c00000, 0x0000000086c00000, 0x0000000086d00000|  0%| F|  |TAMS 0x0000000086c00000| PB 0x0000000086c00000| Untracked 
|  83|0x0000000086d00000, 0x0000000086d00000, 0x0000000086e00000|  0%| F|  |TAMS 0x0000000086d00000| PB 0x0000000086d00000| Untracked 
|  84|0x0000000086e00000, 0x0000000086e00000, 0x0000000086f00000|  0%| F|  |TAMS 0x0000000086e00000| PB 0x0000000086e00000| Untracked 
|  85|0x0000000086f00000, 0x0000000086f00000, 0x0000000087000000|  0%| F|  |TAMS 0x0000000086f00000| PB 0x0000000086f00000| Untracked 
|  86|0x0000000087000000, 0x0000000087000000, 0x0000000087100000|  0%| F|  |TAMS 0x0000000087000000| PB 0x0000000087000000| Untracked 
|  87|0x0000000087100000, 0x0000000087100000, 0x0000000087200000|  0%| F|  |TAMS 0x0000000087100000| PB 0x0000000087100000| Untracked 
|  88|0x0000000087200000, 0x0000000087200000, 0x0000000087300000|  0%| F|  |TAMS 0x0000000087200000| PB 0x0000000087200000| Untracked 
|  89|0x0000000087300000, 0x0000000087300000, 0x0000000087400000|  0%| F|  |TAMS 0x0000000087300000| PB 0x0000000087300000| Untracked 
|  90|0x0000000087400000, 0x00000000874c9688, 0x0000000087500000| 78%| E|  |TAMS 0x0000000087400000| PB 0x0000000087400000| Complete 
|  91|0x0000000087500000, 0x0000000087600000, 0x0000000087600000|100%| E|CS|TAMS 0x0000000087500000| PB 0x0000000087500000| Complete 
|  92|0x0000000087600000, 0x0000000087700000, 0x0000000087700000|100%| E|CS|TAMS 0x0000000087600000| PB 0x0000000087600000| Complete 
|  93|0x0000000087700000, 0x0000000087800000, 0x0000000087800000|100%| E|CS|TAMS 0x0000000087700000| PB 0x0000000087700000| Complete 
|  94|0x0000000087800000, 0x0000000087900000, 0x0000000087900000|100%| E|CS|TAMS 0x0000000087800000| PB 0x0000000087800000| Complete 
|  95|0x0000000087900000, 0x0000000087a00000, 0x0000000087a00000|100%| E|CS|TAMS 0x0000000087900000| PB 0x0000000087900000| Complete 
|  96|0x0000000087a00000, 0x0000000087b00000, 0x0000000087b00000|100%| E|CS|TAMS 0x0000000087a00000| PB 0x0000000087a00000| Complete 
|  97|0x0000000087b00000, 0x0000000087c00000, 0x0000000087c00000|100%| E|CS|TAMS 0x0000000087b00000| PB 0x0000000087b00000| Complete 
|  98|0x0000000087c00000, 0x0000000087d00000, 0x0000000087d00000|100%| E|CS|TAMS 0x0000000087c00000| PB 0x0000000087c00000| Complete 
|  99|0x0000000087d00000, 0x0000000087dc6a20, 0x0000000087e00000| 77%| S|CS|TAMS 0x0000000087d00000| PB 0x0000000087d00000| Complete 
| 100|0x0000000087e00000, 0x0000000087f00000, 0x0000000087f00000|100%| S|CS|TAMS 0x0000000087e00000| PB 0x0000000087e00000| Complete 
| 101|0x0000000087f00000, 0x0000000088000000, 0x0000000088000000|100%| S|CS|TAMS 0x0000000087f00000| PB 0x0000000087f00000| Complete 
| 102|0x0000000088000000, 0x0000000088100000, 0x0000000088100000|100%| E|CS|TAMS 0x0000000088000000| PB 0x0000000088000000| Complete 
| 103|0x0000000088100000, 0x0000000088200000, 0x0000000088200000|100%| E|CS|TAMS 0x0000000088100000| PB 0x0000000088100000| Complete 
| 104|0x0000000088200000, 0x0000000088300000, 0x0000000088300000|100%| E|CS|TAMS 0x0000000088200000| PB 0x0000000088200000| Complete 
| 105|0x0000000088300000, 0x0000000088400000, 0x0000000088400000|100%| E|CS|TAMS 0x0000000088300000| PB 0x0000000088300000| Complete 
| 106|0x0000000088400000, 0x0000000088500000, 0x0000000088500000|100%| E|CS|TAMS 0x0000000088400000| PB 0x0000000088400000| Complete 
| 107|0x0000000088500000, 0x0000000088600000, 0x0000000088600000|100%| E|CS|TAMS 0x0000000088500000| PB 0x0000000088500000| Complete 
| 108|0x0000000088600000, 0x0000000088700000, 0x0000000088700000|100%| E|CS|TAMS 0x0000000088600000| PB 0x0000000088600000| Complete 
| 109|0x0000000088700000, 0x0000000088800000, 0x0000000088800000|100%| E|CS|TAMS 0x0000000088700000| PB 0x0000000088700000| Complete 
| 110|0x0000000088800000, 0x0000000088900000, 0x0000000088900000|100%| E|CS|TAMS 0x0000000088800000| PB 0x0000000088800000| Complete 
| 111|0x0000000088900000, 0x0000000088a00000, 0x0000000088a00000|100%| E|CS|TAMS 0x0000000088900000| PB 0x0000000088900000| Complete 
| 112|0x0000000088a00000, 0x0000000088b00000, 0x0000000088b00000|100%| E|CS|TAMS 0x0000000088a00000| PB 0x0000000088a00000| Complete 
| 113|0x0000000088b00000, 0x0000000088c00000, 0x0000000088c00000|100%| E|CS|TAMS 0x0000000088b00000| PB 0x0000000088b00000| Complete 
| 114|0x0000000088c00000, 0x0000000088d00000, 0x0000000088d00000|100%| E|CS|TAMS 0x0000000088c00000| PB 0x0000000088c00000| Complete 
| 115|0x0000000088d00000, 0x0000000088e00000, 0x0000000088e00000|100%| E|CS|TAMS 0x0000000088d00000| PB 0x0000000088d00000| Complete 
| 116|0x0000000088e00000, 0x0000000088f00000, 0x0000000088f00000|100%| E|CS|TAMS 0x0000000088e00000| PB 0x0000000088e00000| Complete 
| 117|0x0000000088f00000, 0x0000000089000000, 0x0000000089000000|100%| E|CS|TAMS 0x0000000088f00000| PB 0x0000000088f00000| Complete 
| 118|0x0000000089000000, 0x0000000089100000, 0x0000000089100000|100%| E|CS|TAMS 0x0000000089000000| PB 0x0000000089000000| Complete 
| 119|0x0000000089100000, 0x0000000089200000, 0x0000000089200000|100%| E|CS|TAMS 0x0000000089100000| PB 0x0000000089100000| Complete 
| 120|0x0000000089200000, 0x0000000089300000, 0x0000000089300000|100%| E|CS|TAMS 0x0000000089200000| PB 0x0000000089200000| Complete 
| 121|0x0000000089300000, 0x0000000089400000, 0x0000000089400000|100%| E|CS|TAMS 0x0000000089300000| PB 0x0000000089300000| Complete 
| 122|0x0000000089400000, 0x0000000089500000, 0x0000000089500000|100%| E|CS|TAMS 0x0000000089400000| PB 0x0000000089400000| Complete 
| 123|0x0000000089500000, 0x0000000089600000, 0x0000000089600000|100%| E|CS|TAMS 0x0000000089500000| PB 0x0000000089500000| Complete 
| 124|0x0000000089600000, 0x0000000089700000, 0x0000000089700000|100%| E|CS|TAMS 0x0000000089600000| PB 0x0000000089600000| Complete 
| 125|0x0000000089700000, 0x0000000089800000, 0x0000000089800000|100%| E|CS|TAMS 0x0000000089700000| PB 0x0000000089700000| Complete 
| 126|0x0000000089800000, 0x0000000089900000, 0x0000000089900000|100%| E|CS|TAMS 0x0000000089800000| PB 0x0000000089800000| Complete 
| 127|0x0000000089900000, 0x0000000089a00000, 0x0000000089a00000|100%| E|CS|TAMS 0x0000000089900000| PB 0x0000000089900000| Complete 

Card table byte_map: [0x000001cef8670000,0x000001cef8a70000] _byte_map_base: 0x000001cef8263000

Marking Bits: (CMBitMap*) 0x000001cee0ec4b70
 Bits: [0x000001cef8a70000, 0x000001cefaa08000)

Polling page: 0x000001ceded30000

Metaspace:

Usage:
  Non-class:     15.73 MB used.
      Class:      2.47 MB used.
       Both:     18.20 MB used.

Virtual space:
  Non-class space:       64.00 MB reserved,      15.94 MB ( 25%) committed,  1 nodes.
      Class space:        1.00 GB reserved,       2.62 MB ( <1%) committed,  1 nodes.
             Both:        1.06 GB reserved,      18.56 MB (  2%) committed. 

Chunk freelists:
   Non-Class:  48.00 KB
       Class:  13.28 MB
        Both:  13.33 MB

MaxMetaspaceSize: unlimited
CompressedClassSpaceSize: 1.00 GB
Initial GC threshold: 21.00 MB
Current GC threshold: 21.00 MB
CDS: on
 - commit_granule_bytes: 65536.
 - commit_granule_words: 8192.
 - virtual_space_node_default_size: 8388608.
 - enlarge_chunks_in_place: 1.
 - use_allocation_guard: 0.


Internal statistics:

num_allocs_failed_limit: 0.
num_arena_births: 320.
num_arena_deaths: 0.
num_vsnodes_births: 2.
num_vsnodes_deaths: 0.
num_space_committed: 297.
num_space_uncommitted: 0.
num_chunks_returned_to_freelist: 0.
num_chunks_taken_from_freelist: 986.
num_chunk_merges: 0.
num_chunk_splits: 622.
num_chunks_enlarged: 433.
num_inconsistent_stats: 0.

CodeHeap 'non-profiled nmethods': size=120000Kb used=1077Kb max_used=1077Kb free=118922Kb
 bounds [0x000001cef0d40000, 0x000001cef0fb0000, 0x000001cef8270000]
CodeHeap 'profiled nmethods': size=120000Kb used=5152Kb max_used=5152Kb free=114847Kb
 bounds [0x000001cee9270000, 0x000001cee9780000, 0x000001cef07a0000]
CodeHeap 'non-nmethods': size=5760Kb used=1418Kb max_used=1451Kb free=4341Kb
 bounds [0x000001cef07a0000, 0x000001cef0a10000, 0x000001cef0d40000]
 total_blobs=3112 nmethods=2603 adapters=412
 compilation: enabled
              stopped_count=0, restarted_count=0
 full_count=0

Compilation events (20 events):
Event: 8.009 Thread 0x000001cefe52e4a0 nmethod 2471 0x000001cef0e4ae10 code [0x000001cef0e4b040, 0x000001cef0e4bc78]
Event: 8.009 Thread 0x000001cefe52e4a0 2514       4       org.springframework.asm.ClassReader::readInt (52 bytes)
Event: 8.010 Thread 0x000001cefd058560 2569       3       java.util.jar.JarFile::getVersionedEntry (133 bytes)
Event: 8.011 Thread 0x000001cefe52e4a0 nmethod 2514 0x000001cef0e4c290 code [0x000001cef0e4c420, 0x000001cef0e4c548]
Event: 8.011 Thread 0x000001cefe52e4a0 2562       4       java.lang.ThreadLocal::getMap (5 bytes)
Event: 8.011 Thread 0x000001cefd058560 nmethod 2569 0x000001cee9760990 code [0x000001cee9760c60, 0x000001cee9761a10]
Event: 8.011 Thread 0x000001cefe52e4a0 nmethod 2562 0x000001cef0e4c610 code [0x000001cef0e4c7a0, 0x000001cef0e4c848]
Event: 8.015 Thread 0x000001cefe52e4a0 2570       4       jdk.internal.jimage.ImageLocation::verify (218 bytes)
Event: 8.021 Thread 0x000001cefd058560 2571       3       org.springframework.core.annotation.AnnotationTypeMappings::forAnnotationType (74 bytes)
Event: 8.023 Thread 0x000001cefd058560 nmethod 2571 0x000001cee9762010 code [0x000001cee9762400, 0x000001cee97643f0]
Event: 8.031 Thread 0x000001cefd058560 2572       3       jdk.internal.reflect.ReflectionFactory::copyConstructor (11 bytes)
Event: 8.032 Thread 0x000001cefd058560 nmethod 2572 0x000001cee9764c10 code [0x000001cee9764dc0, 0x000001cee9764fb8]
Event: 8.032 Thread 0x000001cefd058560 2573       3       java.lang.reflect.ReflectAccess::copyConstructor (5 bytes)
Event: 8.032 Thread 0x000001cefd058560 nmethod 2573 0x000001cee9765110 code [0x000001cee97652c0, 0x000001cee9765400]
Event: 8.032 Thread 0x000001cefd058560 2574       3       java.lang.reflect.Constructor::copy (72 bytes)
Event: 8.032 Thread 0x000001cefd058560 nmethod 2574 0x000001cee9765510 code [0x000001cee97656e0, 0x000001cee9765aa0]
Event: 8.037 Thread 0x000001cefd058560 2575       3       org.springframework.util.ClassUtils::resolvePrimitiveIfNecessary (37 bytes)
Event: 8.038 Thread 0x000001cefd058560 nmethod 2575 0x000001cee9765b90 code [0x000001cee9765d80, 0x000001cee97661f8]
Event: 8.051 Thread 0x000001cefd058560 2576       3       java.util.Collections::emptyMap (4 bytes)
Event: 8.051 Thread 0x000001cefd058560 nmethod 2576 0x000001cee9766390 code [0x000001cee9766520, 0x000001cee9766618]

GC Heap History (6 events):
Event: 2.459 GC heap before
{Heap before GC invocations=0 (full 0):
 garbage-first heap   total 131072K, used 13312K [0x0000000081a00000, 0x0000000100000000)
  region size 1024K, 13 young (13312K), 0 survivors (0K)
 Metaspace       used 2272K, committed 2368K, reserved 1114112K
  class space    used 210K, committed 256K, reserved 1048576K
}
Event: 2.503 GC heap after
{Heap after GC invocations=1 (full 0):
 garbage-first heap   total 131072K, used 7765K [0x0000000081a00000, 0x0000000100000000)
  region size 1024K, 2 young (2048K), 2 survivors (2048K)
 Metaspace       used 2272K, committed 2368K, reserved 1114112K
  class space    used 210K, committed 256K, reserved 1048576K
}
Event: 3.414 GC heap before
{Heap before GC invocations=1 (full 0):
 garbage-first heap   total 131072K, used 16981K [0x0000000081a00000, 0x0000000100000000)
  region size 1024K, 11 young (11264K), 2 survivors (2048K)
 Metaspace       used 4408K, committed 4544K, reserved 1114112K
  class space    used 533K, committed 576K, reserved 1048576K
}
Event: 3.419 GC heap after
{Heap after GC invocations=2 (full 0):
 garbage-first heap   total 131072K, used 8607K [0x0000000081a00000, 0x0000000100000000)
  region size 1024K, 1 young (1024K), 1 survivors (1024K)
 Metaspace       used 4408K, committed 4544K, reserved 1114112K
  class space    used 533K, committed 576K, reserved 1048576K
}
Event: 5.767 GC heap before
{Heap before GC invocations=2 (full 0):
 garbage-first heap   total 131072K, used 33183K [0x0000000081a00000, 0x0000000100000000)
  region size 1024K, 26 young (26624K), 1 survivors (1024K)
 Metaspace       used 11242K, committed 11456K, reserved 1114112K
  class space    used 1442K, committed 1536K, reserved 1048576K
}
Event: 5.775 GC heap after
{Heap after GC invocations=3 (full 0):
 garbage-first heap   total 131072K, used 10812K [0x0000000081a00000, 0x0000000100000000)
  region size 1024K, 3 young (3072K), 3 survivors (3072K)
 Metaspace       used 11242K, committed 11456K, reserved 1114112K
  class space    used 1442K, committed 1536K, reserved 1048576K
}

Dll operation events (11 events):
Event: 0.043 Loaded shared library C:\Program Files\Java\jdk-21\bin\java.dll
Event: 0.135 Loaded shared library C:\Program Files\Java\jdk-21\bin\jsvml.dll
Event: 1.019 Loaded shared library C:\Program Files\Java\jdk-21\bin\zip.dll
Event: 1.030 Loaded shared library C:\Program Files\Java\jdk-21\bin\instrument.dll
Event: 1.063 Loaded shared library C:\Program Files\Java\jdk-21\bin\net.dll
Event: 1.069 Loaded shared library C:\Program Files\Java\jdk-21\bin\nio.dll
Event: 1.083 Loaded shared library C:\Program Files\Java\jdk-21\bin\zip.dll
Event: 1.247 Loaded shared library C:\Program Files\JetBrains\IntelliJ IDEA 2023.2.5\bin\breakgen64.dll
Event: 1.618 Loaded shared library C:\Program Files\Java\jdk-21\bin\extnet.dll
Event: 2.120 Loaded shared library C:\Program Files\Java\jdk-21\bin\jimage.dll
Event: 3.546 Loaded shared library C:\Program Files\Java\jdk-21\bin\verify.dll

Deoptimization events (20 events):
Event: 7.122 Thread 0x000001cefe46cab0 Uncommon trap: trap_request=0xffffff45 fr.pc=0x000001cef0dde5cc relative=0x0000000000001cac
Event: 7.122 Thread 0x000001cefe46cab0 Uncommon trap: reason=unstable_if action=reinterpret pc=0x000001cef0dde5cc method=jdk.internal.org.objectweb.asm.Frame.execute(IILjdk/internal/org/objectweb/asm/Symbol;Ljdk/internal/org/objectweb/asm/SymbolTable;)V @ 1 c2
Event: 7.122 Thread 0x000001cefe46cab0 DEOPT PACKING pc=0x000001cef0dde5cc sp=0x000000a3896fd980
Event: 7.122 Thread 0x000001cefe46cab0 DEOPT UNPACKING pc=0x000001cef07f46a2 sp=0x000000a3896fd8e8 mode 2
Event: 7.375 Thread 0x000001cee0e69740 Uncommon trap: trap_request=0xffffff45 fr.pc=0x000001cef0e36174 relative=0x0000000000000554
Event: 7.376 Thread 0x000001cee0e69740 Uncommon trap: reason=unstable_if action=reinterpret pc=0x000001cef0e36174 method=jdk.internal.org.objectweb.asm.MethodWriter.visitVarInsn(II)V @ 108 c2
Event: 7.377 Thread 0x000001cee0e69740 DEOPT PACKING pc=0x000001cef0e36174 sp=0x000000a387ff39e0
Event: 7.377 Thread 0x000001cee0e69740 DEOPT UNPACKING pc=0x000001cef07f46a2 sp=0x000000a387ff3998 mode 2
Event: 7.383 Thread 0x000001cee0e69740 Uncommon trap: trap_request=0xffffff45 fr.pc=0x000001cef0e0f674 relative=0x0000000000000194
Event: 7.383 Thread 0x000001cee0e69740 Uncommon trap: reason=unstable_if action=reinterpret pc=0x000001cef0e0f674 method=java.lang.invoke.MethodType.methodType(Ljava/lang/Class;[Ljava/lang/Class;Z)Ljava/lang/invoke/MethodType; @ 53 c2
Event: 7.383 Thread 0x000001cee0e69740 DEOPT PACKING pc=0x000001cef0e0f674 sp=0x000000a387ff9940
Event: 7.383 Thread 0x000001cee0e69740 DEOPT UNPACKING pc=0x000001cef07f46a2 sp=0x000000a387ff98c0 mode 2
Event: 7.803 Thread 0x000001cee0e69740 Uncommon trap: trap_request=0xffffff45 fr.pc=0x000001cef0e25050 relative=0x0000000000000130
Event: 7.803 Thread 0x000001cee0e69740 Uncommon trap: reason=unstable_if action=reinterpret pc=0x000001cef0e25050 method=java.util.Arrays.equals([Ljava/lang/Object;[Ljava/lang/Object;)Z @ 44 c2
Event: 7.808 Thread 0x000001cee0e69740 DEOPT PACKING pc=0x000001cef0e25050 sp=0x000000a387ffab60
Event: 7.808 Thread 0x000001cee0e69740 DEOPT UNPACKING pc=0x000001cef07f46a2 sp=0x000000a387ffab00 mode 2
Event: 7.985 Thread 0x000001cee0e69740 Uncommon trap: trap_request=0xffffff45 fr.pc=0x000001cef0e293dc relative=0x00000000000013fc
Event: 7.985 Thread 0x000001cee0e69740 Uncommon trap: reason=unstable_if action=reinterpret pc=0x000001cef0e293dc method=java.util.jar.JarFile.getVersionedEntry(Ljava/lang/String;Ljava/util/jar/JarEntry;)Ljava/util/jar/JarEntry; @ 26 c2
Event: 7.985 Thread 0x000001cee0e69740 DEOPT PACKING pc=0x000001cef0e293dc sp=0x000000a387ffb570
Event: 7.985 Thread 0x000001cee0e69740 DEOPT UNPACKING pc=0x000001cef07f46a2 sp=0x000000a387ffb560 mode 2

Classes loaded (20 events):
Event: 8.018 Loading class sun/reflect/annotation/TypeAnnotation$TypeAnnotationTarget
Event: 8.018 Loading class sun/reflect/annotation/TypeAnnotation$TypeAnnotationTarget done
Event: 8.019 Loading class sun/reflect/annotation/TypeAnnotationParser
Event: 8.019 Loading class sun/reflect/annotation/TypeAnnotationParser done
Event: 8.019 Loading class sun/reflect/annotation/TypeAnnotation
Event: 8.020 Loading class sun/reflect/annotation/TypeAnnotation done
Event: 8.020 Loading class sun/reflect/annotation/TypeAnnotation$LocationInfo
Event: 8.020 Loading class sun/reflect/annotation/TypeAnnotation$LocationInfo done
Event: 8.020 Loading class sun/reflect/annotation/TypeAnnotation$LocationInfo$Location
Event: 8.020 Loading class sun/reflect/annotation/TypeAnnotation$LocationInfo$Location done
Event: 8.021 Loading class sun/reflect/annotation/AnnotatedTypeFactory
Event: 8.024 Loading class sun/reflect/annotation/AnnotatedTypeFactory done
Event: 8.024 Loading class sun/reflect/annotation/AnnotatedTypeFactory$AnnotatedTypeBaseImpl
Event: 8.024 Loading class sun/reflect/annotation/AnnotatedTypeFactory$AnnotatedTypeBaseImpl done
Event: 8.024 Loading class java/lang/reflect/AnnotatedParameterizedType
Event: 8.025 Loading class java/lang/reflect/AnnotatedParameterizedType done
Event: 8.025 Loading class java/lang/reflect/AnnotatedArrayType
Event: 8.025 Loading class java/lang/reflect/AnnotatedArrayType done
Event: 8.055 Loading class jdk/internal/vm/annotation/IntrinsicCandidate
Event: 8.056 Loading class jdk/internal/vm/annotation/IntrinsicCandidate done

Classes unloaded (0 events):
No events

Classes redefined (0 events):
No events

Internal exceptions (20 events):
Event: 5.382 Thread 0x000001cee0e69740 Exception <a 'java/lang/IncompatibleClassChangeError'{0x00000000883b93e8}: Found class java.lang.Object, but interface was expected> (0x00000000883b93e8) 
thrown [s\open\src\hotspot\share\interpreter\linkResolver.cpp, line 840]
Event: 5.884 Thread 0x000001cee0e69740 Exception <a 'java/lang/IncompatibleClassChangeError'{0x00000000898b0ff8}: Found class java.lang.Object, but interface was expected> (0x00000000898b0ff8) 
thrown [s\open\src\hotspot\share\interpreter\linkResolver.cpp, line 840]
Event: 5.912 Thread 0x000001cee0e69740 Exception <a 'sun/nio/fs/WindowsException'{0x00000000898f1208}> (0x00000000898f1208) 
thrown [s\open\src\hotspot\share\prims\jni.cpp, line 520]
Event: 6.046 Thread 0x000001cee0e69740 Exception <a 'java/lang/NoSuchMethodError'{0x0000000089696918}: 'java.lang.Object java.lang.invoke.DirectMethodHandle$Holder.invokeSpecial(java.lang.Object, java.lang.Object, java.lang.Object, java.lang.Object, java.lang.Object, java.lang.Object, int)'> (0x0000000089696918) 
thrown [s\open\src\hotspot\share\interpreter\linkResolver.cpp, line 773]
Event: 6.047 Thread 0x000001cee0e69740 Exception <a 'java/lang/NoSuchMethodError'{0x00000000896a0380}: 'java.lang.Object java.lang.invoke.DirectMethodHandle$Holder.newInvokeSpecial(java.lang.Object, java.lang.Object, java.lang.Object, java.lang.Object, java.lang.Object, java.lang.Object, int)'> (0x00000000896a0380) 
thrown [s\open\src\hotspot\share\interpreter\linkResolver.cpp, line 773]
Event: 6.047 Thread 0x000001cee0e69740 Exception <a 'java/lang/NoSuchMethodError'{0x00000000896a4e90}: 'java.lang.Object java.lang.invoke.DirectMethodHandle$Holder.invokeSpecial(java.lang.Object, java.lang.Object, java.lang.Object, java.lang.Object, java.lang.Object, java.lang.Object, java.lang.Object, int)'> (0x00000000896a4e90) 
thrown [s\open\src\hotspot\share\interpreter\linkResolver.cpp, line 773]
Event: 6.144 Thread 0x000001cee0e69740 Exception <a 'java/lang/NoSuchMethodError'{0x00000000895de860}: 'void java.lang.invoke.DirectMethodHandle$Holder.invokeStatic(java.lang.Object, java.lang.Object, java.lang.Object, java.lang.Object, java.lang.Object, java.lang.Object)'> (0x00000000895de860) 
thrown [s\open\src\hotspot\share\interpreter\linkResolver.cpp, line 773]
Event: 6.338 Thread 0x000001cee0e69740 Exception <a 'java/lang/NoSuchMethodError'{0x00000000894b7c50}: 'java.lang.Object java.lang.invoke.DirectMethodHandle$Holder.invokeSpecial(java.lang.Object, java.lang.Object, java.lang.Object, int, java.lang.Object)'> (0x00000000894b7c50) 
thrown [s\open\src\hotspot\share\interpreter\linkResolver.cpp, line 773]
Event: 6.340 Thread 0x000001cee0e69740 Exception <a 'java/lang/NoSuchMethodError'{0x00000000894bf570}: 'java.lang.Object java.lang.invoke.DirectMethodHandle$Holder.newInvokeSpecial(java.lang.Object, java.lang.Object, java.lang.Object, int, java.lang.Object)'> (0x00000000894bf570) 
thrown [s\open\src\hotspot\share\interpreter\linkResolver.cpp, line 773]
Event: 6.346 Thread 0x000001cee0e69740 Exception <a 'java/lang/NoSuchMethodError'{0x00000000894c6bb8}: 'java.lang.Object java.lang.invoke.Invokers$Holder.linkToTargetMethod(java.lang.Object, java.lang.Object, int, java.lang.Object, java.lang.Object)'> (0x00000000894c6bb8) 
thrown [s\open\src\hotspot\share\interpreter\linkResolver.cpp, line 773]
Event: 6.357 Thread 0x000001cee0e69740 Exception <a 'java/lang/NoSuchMethodError'{0x00000000894d4fa8}: 'java.lang.Object java.lang.invoke.DirectMethodHandle$Holder.newInvokeSpecial(java.lang.Object, int, java.lang.Object)'> (0x00000000894d4fa8) 
thrown [s\open\src\hotspot\share\interpreter\linkResolver.cpp, line 773]
Event: 6.587 Thread 0x000001cee0e69740 Exception <a 'java/lang/NoSuchMethodError'{0x00000000892a43c0}: 'java.lang.Object java.lang.invoke.DirectMethodHandle$Holder.invokeStatic(java.lang.Object, long, java.lang.Object)'> (0x00000000892a43c0) 
thrown [s\open\src\hotspot\share\interpreter\linkResolver.cpp, line 773]
Event: 6.588 Thread 0x000001cee0e69740 Exception <a 'java/lang/NoSuchMethodError'{0x00000000892a7f78}: 'java.lang.Object java.lang.invoke.DirectMethodHandle$Holder.invokeStaticInit(java.lang.Object, long, java.lang.Object)'> (0x00000000892a7f78) 
thrown [s\open\src\hotspot\share\interpreter\linkResolver.cpp, line 773]
Event: 6.588 Thread 0x000001cee0e69740 Exception <a 'java/lang/NoSuchMethodError'{0x00000000892adc78}: 'java.lang.Object java.lang.invoke.DirectMethodHandle$Holder.newInvokeSpecial(java.lang.Object, long)'> (0x00000000892adc78) 
thrown [s\open\src\hotspot\share\interpreter\linkResolver.cpp, line 773]
Event: 6.863 Thread 0x000001cee0e69740 Exception <a 'java/lang/IncompatibleClassChangeError'{0x0000000088e02d10}: Found class java.lang.Object, but interface was expected> (0x0000000088e02d10) 
thrown [s\open\src\hotspot\share\interpreter\linkResolver.cpp, line 840]
Event: 6.883 Thread 0x000001cee0e69740 Exception <a 'java/lang/NoSuchMethodError'{0x0000000088e20668}: 'java.lang.Object java.lang.invoke.DirectMethodHandle$Holder.invokeStatic(java.lang.Object, int, java.lang.Object)'> (0x0000000088e20668) 
thrown [s\open\src\hotspot\share\interpreter\linkResolver.cpp, line 773]
Event: 6.884 Thread 0x000001cee0e69740 Exception <a 'java/lang/NoSuchMethodError'{0x0000000088e24218}: 'java.lang.Object java.lang.invoke.DirectMethodHandle$Holder.invokeStaticInit(java.lang.Object, int, java.lang.Object)'> (0x0000000088e24218) 
thrown [s\open\src\hotspot\share\interpreter\linkResolver.cpp, line 773]
Event: 7.375 Thread 0x000001cee0e69740 Implicit null exception at 0x000001cef0e35cea to 0x000001cef0e36168
Event: 7.377 Thread 0x000001cee0e69740 Exception <a 'java/lang/NoSuchMethodError'{0x0000000088689028}: 'java.lang.reflect.Field[] java.lang.Class.getDeclaredFields(java.lang.Class)'> (0x0000000088689028) 
thrown [s\open\src\hotspot\share\interpreter\linkResolver.cpp, line 773]
Event: 7.381 Thread 0x000001cee0e69740 Exception <a 'java/lang/NoSuchMethodError'{0x0000000088694e48}: 'void java.lang.invoke.DelegatingMethodHandle$Holder.delegate(java.lang.Object, java.lang.Object, int, java.lang.Object)'> (0x0000000088694e48) 
thrown [s\open\src\hotspot\share\interpreter\linkResolver.cpp, line 773]

ZGC Phase Switch (0 events):
No events

VM Operations (20 events):
Event: 4.561 Executing VM operation: HandshakeAllThreads (Deoptimize)
Event: 4.561 Executing VM operation: HandshakeAllThreads (Deoptimize) done
Event: 4.561 Executing VM operation: Cleanup
Event: 4.562 Executing VM operation: Cleanup done
Event: 4.850 Executing VM operation: HandshakeAllThreads (Deoptimize)
Event: 4.850 Executing VM operation: HandshakeAllThreads (Deoptimize) done
Event: 5.388 Executing VM operation: HandshakeAllThreads (Deoptimize)
Event: 5.389 Executing VM operation: HandshakeAllThreads (Deoptimize) done
Event: 5.767 Executing VM operation: G1CollectForAllocation (G1 Evacuation Pause)
Event: 5.775 Executing VM operation: G1CollectForAllocation (G1 Evacuation Pause) done
Event: 6.161 Executing VM operation: HandshakeAllThreads (Deoptimize)
Event: 6.161 Executing VM operation: HandshakeAllThreads (Deoptimize) done
Event: 6.703 Executing VM operation: ICBufferFull
Event: 6.705 Executing VM operation: ICBufferFull done
Event: 6.711 Executing VM operation: HandshakeAllThreads (Deoptimize)
Event: 6.711 Executing VM operation: HandshakeAllThreads (Deoptimize) done
Event: 7.502 Executing VM operation: HandshakeAllThreads (Deoptimize)
Event: 7.502 Executing VM operation: HandshakeAllThreads (Deoptimize) done
Event: 7.617 Executing VM operation: HandshakeAllThreads (Deoptimize)
Event: 7.617 Executing VM operation: HandshakeAllThreads (Deoptimize) done

Events (20 events):
Event: 0.088 Thread 0x000001cee0e69740 Thread added: 0x000001cee0e69740
Event: 0.121 Thread 0x000001cefcd074b0 Thread added: 0x000001cefcd074b0
Event: 0.122 Thread 0x000001cefcd08580 Thread added: 0x000001cefcd08580
Event: 0.122 Thread 0x000001cefcd0a500 Thread added: 0x000001cefcd0a500
Event: 0.122 Thread 0x000001cefcd0b160 Thread added: 0x000001cefcd0b160
Event: 0.122 Thread 0x000001cefcd0ebe0 Thread added: 0x000001cefcd0ebe0
Event: 0.122 Thread 0x000001cefcd0f640 Thread added: 0x000001cefcd0f640
Event: 0.122 Thread 0x000001cefcd103d0 Thread added: 0x000001cefcd103d0
Event: 0.148 Thread 0x000001cefd058560 Thread added: 0x000001cefd058560
Event: 0.906 Thread 0x000001cefccd6b70 Thread added: 0x000001cefccd6b70
Event: 1.249 Thread 0x000001cefd2b3790 Thread added: 0x000001cefd2b3790
Event: 1.249 Thread 0x000001cefd2bc280 Thread added: 0x000001cefd2bc280
Event: 2.531 Thread 0x000001cefda70450 Thread added: 0x000001cefda70450
Event: 3.237 Thread 0x000001cefda70450 Thread exited: 0x000001cefda70450
Event: 3.693 Thread 0x000001cefdf9bb40 Thread added: 0x000001cefdf9bb40
Event: 4.044 Thread 0x000001cefdf9bb40 Thread exited: 0x000001cefdf9bb40
Event: 5.777 Thread 0x000001cefe3d2540 Thread added: 0x000001cefe3d2540
Event: 6.859 Thread 0x000001cefe46cab0 Thread added: 0x000001cefe46cab0
Event: 6.959 Thread 0x000001cefe3d2540 Thread exited: 0x000001cefe3d2540
Event: 7.957 Thread 0x000001cefe52e4a0 Thread added: 0x000001cefe52e4a0


Dynamic libraries:
0x00007ff64ef50000 - 0x00007ff64ef60000 	C:\Program Files\Java\jdk-21\bin\java.exe
0x00007fffd50d0000 - 0x00007fffd52e7000 	C:\Windows\SYSTEM32\ntdll.dll
0x00007fffd3910000 - 0x00007fffd39d4000 	C:\Windows\System32\KERNEL32.DLL
0x00007fffd24f0000 - 0x00007fffd289d000 	C:\Windows\System32\KERNELBASE.dll
0x00007fffcf140000 - 0x00007fffcf1d7000 	C:\Windows\SYSTEM32\apphelp.dll
0x00007fffd2c30000 - 0x00007fffd2d41000 	C:\Windows\System32\ucrtbase.dll
0x00007fffbbca0000 - 0x00007fffbbcb9000 	C:\Program Files\Java\jdk-21\bin\jli.dll
0x00007fffd4500000 - 0x00007fffd45b2000 	C:\Windows\System32\ADVAPI32.dll
0x00007fffd48c0000 - 0x00007fffd4967000 	C:\Windows\System32\msvcrt.dll
0x00007fffd3690000 - 0x00007fffd3739000 	C:\Windows\System32\sechost.dll
0x00007fffd2b60000 - 0x00007fffd2b88000 	C:\Windows\System32\bcrypt.dll
0x00007fffd3570000 - 0x00007fffd3684000 	C:\Windows\System32\RPCRT4.dll
0x00007fffd4ee0000 - 0x00007fffd508e000 	C:\Windows\System32\USER32.dll
0x00007fffd2b30000 - 0x00007fffd2b56000 	C:\Windows\System32\win32u.dll
0x00007fffd37c0000 - 0x00007fffd37e9000 	C:\Windows\System32\GDI32.dll
0x00007fffd2a10000 - 0x00007fffd2b29000 	C:\Windows\System32\gdi32full.dll
0x00007fffd2b90000 - 0x00007fffd2c2a000 	C:\Windows\System32\msvcp_win.dll
0x00007fffbbc80000 - 0x00007fffbbc9b000 	C:\Program Files\Java\jdk-21\bin\VCRUNTIME140.dll
0x00007fffbcc20000 - 0x00007fffbceb3000 	C:\Windows\WinSxS\amd64_microsoft.windows.common-controls_6595b64144ccf1df_6.0.22621.3672_none_2713b9d173822955\COMCTL32.dll
0x00007fffd1f60000 - 0x00007fffd1f6a000 	C:\Windows\SYSTEM32\VERSION.dll
0x00007fffd44b0000 - 0x00007fffd44e1000 	C:\Windows\System32\IMM32.DLL
0x0000000073580000 - 0x000000007358c000 	C:\Program Files (x86)\360\Total Security\safemon\SafeWrapper.dll
0x00007fff954b0000 - 0x00007fff95542000 	C:\Program Files (x86)\360\Total Security\safemon\libzdtp64.dll
0x00007fffd3bc0000 - 0x00007fffd441f000 	C:\Windows\System32\SHELL32.dll
0x00007fffd38b0000 - 0x00007fffd390e000 	C:\Windows\System32\SHLWAPI.dll
0x00007fffc0e40000 - 0x00007fffc0e4c000 	C:\Program Files\Java\jdk-21\bin\vcruntime140_1.dll
0x00007fffa4430000 - 0x00007fffa44be000 	C:\Program Files\Java\jdk-21\bin\msvcp140.dll
0x00007fff5d140000 - 0x00007fff5de55000 	C:\Program Files\Java\jdk-21\bin\server\jvm.dll
0x00007fffd3740000 - 0x00007fffd37b1000 	C:\Windows\System32\WS2_32.dll
0x00007fffd22c0000 - 0x00007fffd230d000 	C:\Windows\SYSTEM32\POWRPROF.dll
0x00007fffc8330000 - 0x00007fffc8364000 	C:\Windows\SYSTEM32\WINMM.dll
0x00007fffd22a0000 - 0x00007fffd22b3000 	C:\Windows\SYSTEM32\UMPDC.dll
0x00007fffd1380000 - 0x00007fffd1398000 	C:\Windows\SYSTEM32\kernel.appcore.dll
0x00007fffbbc70000 - 0x00007fffbbc7a000 	C:\Program Files\Java\jdk-21\bin\jimage.dll
0x00007fffcfcd0000 - 0x00007fffcff02000 	C:\Windows\SYSTEM32\DBGHELP.DLL
0x00007fffd4b50000 - 0x00007fffd4ed8000 	C:\Windows\System32\combase.dll
0x00007fffd4a50000 - 0x00007fffd4b27000 	C:\Windows\System32\OLEAUT32.dll
0x00007fffb5df0000 - 0x00007fffb5e22000 	C:\Windows\SYSTEM32\dbgcore.DLL
0x00007fffd2470000 - 0x00007fffd24eb000 	C:\Windows\System32\bcryptPrimitives.dll
0x00007fffc0eb0000 - 0x00007fffc0ebf000 	C:\Program Files\Java\jdk-21\bin\instrument.dll
0x00007fffbb8e0000 - 0x00007fffbb8ff000 	C:\Program Files\Java\jdk-21\bin\java.dll
0x00007fffd0290000 - 0x00007fffd0b8c000 	C:\Windows\SYSTEM32\windows.storage.dll
0x00007fffd0150000 - 0x00007fffd028f000 	C:\Windows\SYSTEM32\wintypes.dll
0x00007fffd45c0000 - 0x00007fffd46b4000 	C:\Windows\System32\SHCORE.dll
0x00007fffd2330000 - 0x00007fffd2351000 	C:\Windows\SYSTEM32\profapi.dll
0x00007fff99200000 - 0x00007fff992d7000 	C:\Program Files\Java\jdk-21\bin\jsvml.dll
0x00007fffb8420000 - 0x00007fffb8438000 	C:\Program Files\Java\jdk-21\bin\zip.dll
0x00007fffc1980000 - 0x00007fffc1990000 	C:\Program Files\Java\jdk-21\bin\net.dll
0x00007fffc6560000 - 0x00007fffc6696000 	C:\Windows\SYSTEM32\WINHTTP.dll
0x00007fffd17e0000 - 0x00007fffd1849000 	C:\Windows\system32\mswsock.dll
0x00007fffbbe40000 - 0x00007fffbbe56000 	C:\Program Files\Java\jdk-21\bin\nio.dll
0x00007fffbb9b0000 - 0x00007fffbb9ca000 	C:\Program Files\JetBrains\IntelliJ IDEA 2023.2.5\bin\breakgen64.dll
0x00007fffc1970000 - 0x00007fffc1977000 	C:\Program Files\Java\jdk-21\bin\extnet.dll
0x00007fffbb9d0000 - 0x00007fffbb9e0000 	C:\Program Files\Java\jdk-21\bin\verify.dll

dbghelp: loaded successfully - version: 4.0.5 - missing functions: none
symbol engine: initialized successfully - sym options: 0x614 - pdb path: .;C:\Program Files\Java\jdk-21\bin;C:\Windows\SYSTEM32;C:\Windows\WinSxS\amd64_microsoft.windows.common-controls_6595b64144ccf1df_6.0.22621.3672_none_2713b9d173822955;C:\Program Files (x86)\360\Total Security\safemon;C:\Program Files\Java\jdk-21\bin\server;C:\Program Files\JetBrains\IntelliJ IDEA 2023.2.5\bin

VM Arguments:
jvm_args: -ea -Didea.test.cyclic.buffer.size=1048576 -javaagent:C:\Program Files\JetBrains\IntelliJ IDEA 2023.2.5\lib\idea_rt.jar=54417:C:\Program Files\JetBrains\IntelliJ IDEA 2023.2.5\bin -Dfile.encoding=UTF-8 -Dsun.stdout.encoding=UTF-8 -Dsun.stderr.encoding=UTF-8 
java_command: com.intellij.rt.junit.JUnitStarter -ideVersion5 -junit5 com.COWORK.COWORKING.services.impl.UserServicesImplTest,testLogIn
java_class_path (initial): C:\Users\DELL\.m2\repository\org\junit\platform\junit-platform-launcher\1.10.3\junit-platform-launcher-1.10.3.jar;C:\Program Files\JetBrains\IntelliJ IDEA 2023.2.5\lib\idea_rt.jar;C:\Program Files\JetBrains\IntelliJ IDEA 2023.2.5\plugins\junit\lib\junit5-rt.jar;C:\Program Files\JetBrains\IntelliJ IDEA 2023.2.5\plugins\junit\lib\junit-rt.jar;C:\Users\DELL\Downloads\COWORKING\COWORKING\target\test-classes;C:\Users\DELL\Downloads\COWORKING\COWORKING\target\classes;C:\Users\DELL\.m2\repository\org\springframework\boot\spring-boot-starter-actuator\3.3.2\spring-boot-starter-actuator-3.3.2.jar;C:\Users\DELL\.m2\repository\org\springframework\boot\spring-boot-starter\3.3.2\spring-boot-starter-3.3.2.jar;C:\Users\DELL\.m2\repository\org\springframework\boot\spring-boot-autoconfigure\3.3.2\spring-boot-autoconfigure-3.3.2.jar;C:\Users\DELL\.m2\repository\org\springframework\boot\spring-boot-starter-logging\3.3.2\spring-boot-starter-logging-3.3.2.jar;C:\Users\DELL\.m2\repository\ch\qos\logback\logback-classic\1.5.6\logback-classic-1.5.6.jar;C:\Users\DELL\.m2\repository\ch\qos\logback\logback-core\1.5.6\logback-core-1.5.6.jar;C:\Users\DELL\.m2\repository\org\apache\logging\log4j\log4j-to-slf4j\2.23.1\log4j-to-slf4j-2.23.1.jar;C:\Users\DELL\.m2\repository\org\apache\logging\log4j\log4j-api\2.23.1\log4j-api-2.23.1.jar;C:\Users\DELL\.m2\repository\org\slf4j\jul-to-slf4j\2.0.13\jul-to-slf4j-2.0.13.jar;C:\Users\DELL\.m2\repository\jakarta\annotation\jakarta.annotation-api\2.1.1\jakarta.annotation-api-2.1.1.jar;C:\Users\DELL\.m2\repository\org\yaml\snakeyaml\2.2\snakeyaml-2.2.jar;C:\Users\DELL\.m2\repository\org\springframework\boot\spring-boot-actuator-autoconfigure\3.3.2\spring-boot-actuator-autoconfigure-3.3.2.jar;C:\Users\DELL\.m2\repository\org\springframework\boot\spring-boot-actuator\3.3.2\spring-boot-actuator-3.3.2.jar;C:\Users\DELL\.m2\repository\com\fasterxml\jackson\datatype\jackson-datatype-jsr310\2.17.2\jackson-datatype-jsr310-2.17.2.jar;C:\Users\DELL\.m2\repository\io\micrometer\micrometer-observation\1.13.2\micrometer-observation-1.13.2.jar;C:\Users\DELL\.m2\repository\io\micrometer\micrometer-commons\1.13.2\micrometer-commons-1.13.2.jar;C:\Users\DELL\.m2\repository\io\micrometer\micrometer-jakarta9\1.13.2\micrometer-jakarta9-1.13.2.jar;C:\Users\DELL\.m2\repository\io\micrometer\micrometer-core\1.13.2\micrometer-core-1.13.2.jar;C:\Users\DELL\.m2\repository\org\hdrhistogram\HdrHistogram\2.2.2\HdrHistogram-2.2.2.jar;C:\Users\DELL\.m2\repository\org\latencyutils\LatencyUtils\2.0.3\LatencyUtils-2.0.3.jar;C:\Users\DELL\.m2\repository\org\springframework\boot\spring-boot-starter-data-jpa\3.3.2\spring-boot-starter-data-jpa-3.3.2.jar;C:\Users\DELL\.m2\repository\org\springframework\boot\spring-boot-starter-aop\3.3.2\spring-boot-starter-aop-3.3.2.jar;C:\Users\DELL\.m2\repository\org\aspectj\aspectjweaver\1.9.22.1\aspectjweaver-1.9.22.1.jar;C:\Users\DELL\.m2\repository\org\springframework\boot\spring-boot-starter-jdbc\3.3.2\spring-boot-starter-jdbc-3.3.2.jar;C:\Users\DELL\.m2\repository\com\zaxxer\HikariCP\5.1.0\HikariCP-5.1.0.jar;C:\Users\DELL\.m2\repository\org\springframework\spring-jdbc\6.1.11\spring-jdbc-6.1.11.jar;C:\Users\DELL\.m2\repository\org\hibernate\orm\hibernate-core\6.5.2.Final\hibernate-core-6.5.2.Final.jar;C:\Users\DELL\.m2\repository\jakarta\persistence\jakarta.persistence-api\3.1.0\jakarta.persistence-api-3.1.0.jar;C:\Users\DELL\.m2\repository\jakarta\transaction\jakarta.transaction-api\2.0.1\jakarta.transaction-api-2.0.1.jar;C:\Users\DELL\.m2\repository\org\hibernate\common\hibernate-commons-annotations\6.0.6.Final\hibernate-commons-annotations-6.0.6.Final.jar;C:\Users\DELL\.m2\repository\io\smallrye\jandex\3.1.2\jandex-3.1.2.jar;C:\Users\DELL\.m2\repository\net\bytebuddy\byte-buddy\1.14.18\byte-buddy-1.14.18.jar;C:\Users\DELL\.m2\repository\org\glassfish\jaxb\jaxb-runtime\4.0.5\jaxb-runtime-4.0.5.jar;C:\Users\DELL\.m2\repository\jakarta\inject\jakarta.inject-api\2.0.1\jakarta.inject-api-2.0.1.jar;C:\Users\DELL\.m2\repository\org\antlr\antlr4-runtime\4.13.0\antlr4-runtime-4.13.0.jar;C:\Users\DELL\.m2\repository\org\springframework\data\spring-data-jpa\3.3.2\spring-data-jpa-3.3.2.jar;C:\Users\DELL\.m2\repository\org\springframework\data\spring-data-commons\3.3.2\spring-data-commons-3.3.2.jar;C:\Users\DELL\.m2\repository\org\springframework\spring-orm\6.1.11\spring-orm-6.1.11.jar;C:\Users\DELL\.m2\repository\org\springframework\spring-context\6.1.11\spring-context-6.1.11.jar;C:\Users\DELL\.m2\repository\org\springframework\spring-tx\6.1.11\spring-tx-6.1.11.jar;C:\Users\DELL\.m2\repository\org\springframework\spring-beans\6.1.11\spring-beans-6.1.11.jar;C:\Users\DELL\.m2\repository\org\springframework\spring-aspects\6.1.11\spring-aspects-6.1.11.jar;C:\Users\DELL\.m2\repository\org\springframework\boot\spring-boot-starter-security\3.3.2\spring-boot-starter-security-3.3.2.jar;C:\Users\DELL\.m2\repository\org\springframework\spring-aop\6.1.11\spring-aop-6.1.11.jar;C:\Users\DELL\.m2\repository\org\springframework\security\spring-security-config\6.3.1\spring-security-config-6.3.1.jar;C:\Users\DELL\.m2\repository\org\springframework\security\spring-security-web\6.3.1\spring-security-web-6.3.1.jar;C:\Users\DELL\.m2\repository\org\springframework\spring-expression\6.1.11\spring-expression-6.1.11.jar;C:\Users\DELL\.m2\repository\org\springframework\boot\spring-boot-starter-thymeleaf\3.3.2\spring-boot-starter-thymeleaf-3.3.2.jar;C:\Users\DELL\.m2\repository\org\thymeleaf\thymeleaf-spring6\3.1.2.RELEASE\thymeleaf-spring6-3.1.2.RELEASE.jar;C:\Users\DELL\.m2\repository\org\thymeleaf\thymeleaf\3.1.2.RELEASE\thymeleaf-3.1.2.RELEASE.jar;C:\Users\DELL\.m2\repository\org\attoparser\attoparser\2.0.7.RELEASE\attoparser-2.0.7.RELEASE.jar;C:\Users\DELL\.m2\repository\org\unbescape\unbescape\1.1.6.RELEASE\unbescape-1.1.6.RELEASE.jar;C:\Users\DELL\.m2\repository\org\springframework\boot\spring-boot-starter-web\3.3.2\spring-boot-starter-web-3.3.2.jar;C:\Users\DELL\.m2\repository\org\springframework\boot\spring-boot-starter-json\3.3.2\spring-boot-starter-json-3.3.2.jar;C:\Users\DELL\.m2\repository\com\fasterxml\jackson\datatype\jackson-datatype-jdk8\2.17.2\jackson-datatype-jdk8-2.17.2.jar;C:\Users\DELL\.m2\repository\org\springframework\boot\spring-boot-starter-tomcat\3.3.2\spring-boot-starter-tomcat-3.3.2.jar;C:\Users\DELL\.m2\repository\org\apache\tomcat\embed\tomcat-embed-core\10.1.26\tomcat-embed-core-10.1.26.jar;C:\Users\DELL\.m2\repository\org\apache\tomcat\embed\tomcat-embed-el\10.1.26\tomcat-embed-el-10.1.26.jar;C:\Users\DELL\.m2\repository\org\apache\tomcat\embed\tomcat-embed-websocket\10.1.26\tomcat-embed-websocket-10.1.26.jar;C:\Users\DELL\.m2\repository\org\springframework\spring-web\6.1.11\spring-web-6.1.11.jar;C:\Users\DELL\.m2\repository\org\springframework\spring-webmvc\6.1.11\spring-webmvc-6.1.11.jar;C:\Users\DELL\.m2\repository\org\thymeleaf\extras\thymeleaf-extras-springsecurity6\3.1.2.RELEASE\thymeleaf-extras-springsecurity6-3.1.2.RELEASE.jar;C:\Users\DELL\.m2\repository\org\slf4j\slf4j-api\2.0.13\slf4j-api-2.0.13.jar;C:\Users\DELL\.m2\repository\org\springframework\boot\spring-boot-docker-compose\3.3.2\spring-boot-docker-compose-3.3.2.jar;C:\Users\DELL\.m2\repository\org\springframework\boot\spring-boot\3.3.2\spring-boot-3.3.2.jar;C:\Users\DELL\.m2\repository\com\fasterxml\jackson\core\jackson-databind\2.17.2\jackson-databind-2.17.2.jar;C:\Users\DELL\.m2\repository\com\fasterxml\jackson\core\jackson-annotations\2.17.2\jackson-annotations-2.17.2.jar;C:\Users\DELL\.m2\repository\com\fasterxml\jackson\core\jackson-core\2.17.2\jackson-core-2.17.2.jar;C:\Users\DELL\.m2\repository\com\fasterxml\jackson\module\jackson-module-parameter-names\2.17.2\jackson-module-parameter-names-2.17.2.jar;C:\Users\DELL\.m2\repository\org\postgresql\postgresql\42.7.3\postgresql-42.7.3.jar;C:\Users\DELL\.m2\repository\org\checkerframework\checker-qual\3.42.0\checker-qual-3.42.0.jar;C:\Users\DELL\.m2\repository\org\keycloak\keycloak-admin-client\25.0.1\keycloak-admin-client-25.0.1.jar;C:\Users\DELL\.m2\repository\org\keycloak\keycloak-core\25.0.1\keycloak-core-25.0.1.jar;C:\Users\DELL\.m2\repository\org\keycloak\keycloak-common\25.0.1\keycloak-common-25.0.1.jar;C:\Users\DELL\.m2\repository\org\jboss\resteasy\resteasy-client\6.2.7.Final\resteasy-client-6.2.7.Final.jar;C:\Users\DELL\.m2\repository\org\jboss\resteasy\resteasy-client-api\6.2.7.Final\resteasy-client-api-6.2.7.Final.jar;C:\Users\DELL\.m2\repository\org\jboss\resteasy\resteasy-core-spi\6.2.7.Final\resteasy-core-spi-6.2.7.Final.jar;C:\Users\DELL\.m2\repository\org\jboss\resteasy\resteasy-core\6.2.7.Final\resteasy-core-6.2.7.Final.jar;C:\Users\DELL\.m2\repository\org\jboss\jandex\2.4.4.Final\jandex-2.4.4.Final.jar;C:\Users\DELL\.m2\repository\org\eclipse\angus\angus-activation\2.0.2\angus-activation-2.0.2.jar;C:\Users\DELL\.m2\repository\com\ibm\async\asyncutil\0.1.0\asyncutil-0.1.0.jar;C:\Users\DELL\.m2\repository\org\apache\httpcomponents\httpclient\4.5.14\httpclient-4.5.14.jar;C:\Users\DELL\.m2\repository\org\apache\httpcomponents\httpcore\4.4.16\httpcore-4.4.16.jar;C:\Users\DELL\.m2\repository\commons-logging\commons-logging\1.2\commons-logging-1.2.jar;C:\Users\DELL\.m2\repository\commons-codec\commons-codec\1.16.1\commons-codec-1.16.1.jar;C:\Users\DELL\.m2\repository\jakarta\ws\rs\jakarta.ws.rs-api\3.1.0\jakarta.ws.rs-api-3.1.0.jar;C:\Users\DELL\.m2\repository\org\reactivestreams\reactive-streams\1.0.4\reactive-streams-1.0.4.jar;C:\Users\DELL\.m2\repository\org\jboss\resteasy\resteasy-multipart-provider\6.2.7.Final\resteasy-multipart-provider-6.2.7.Final.jar;C:\Users\DELL\.m2\repository\jakarta\mail\jakarta.mail-api\2.1.3\jakarta.mail-api-2.1.3.jar;C:\Users\DELL\.m2\repository\org\eclipse\angus\angus-mail\2.0.3\angus-mail-2.0.3.jar;C:\Users\DELL\.m2\repository\org\apache\james\apache-mime4j-dom\0.8.9\apache-mime4j-dom-0.8.9.jar;C:\Users\DELL\.m2\repository\org\apache\james\apache-mime4j-core\0.8.9\apache-mime4j-core-0.8.9.jar;C:\Users\DELL\.m2\repository\org\apache\james\apache-mime4j-storage\0.8.9\apache-mime4j-storage-0.8.9.jar;C:\Users\DELL\.m2\repository\commons-io\commons-io\2.11.0\commons-io-2.11.0.jar;C:\Users\DELL\.m2\repository\org\jboss\resteasy\resteasy-jackson2-provider\6.2.7.Final\resteasy-jackson2-provider-6.2.7.Final.jar;C:\Users\DELL\.m2\repository\com\fasterxml\jackson\jakarta\rs\jackson-jakarta-rs-base\2.17.2\jackson-jakarta-rs-base-2.17.2.jar;C:\Users\DELL\.m2\repository\com\fasterxml\jackson\jakarta\rs\jackson-jakarta-rs-json-provider\2.17.2\jackson-jakarta-rs-json-provider-2.17.2.jar;C:\Users\DELL\.m2\repository\com\fasterxml\jackson\module\jackson-module-jakarta-xmlbind-annotations\2.17.2\jackson-module-jakarta-xmlbind-annotations-2.17.2.jar;C:\Users\DELL\.m2\repository\com\github\java-json-tools\json-patch\1.13\json-patch-1.13.jar;C:\Users\DELL\.m2\repository\com\github\java-json-tools\msg-simple\1.2\msg-simple-1.2.jar;C:\Users\DELL\.m2\repository\com\github\java-json-tools\btf\1.3\btf-1.3.jar;C:\Users\DELL\.m2\repository\com\github\java-json-tools\jackson-coreutils\2.0\jackson-coreutils-2.0.jar;C:\Users\DELL\.m2\repository\org\jboss\resteasy\resteasy-jaxb-provider\6.2.7.Final\resteasy-jaxb-provider-6.2.7.Final.jar;C:\Users\DELL\.m2\repository\org\glassfish\jaxb\codemodel\4.0.5\codemodel-4.0.5.jar;C:\Users\DELL\.m2\repository\org\glassfish\jaxb\jaxb-core\4.0.5\jaxb-core-4.0.5.jar;C:\Users\DELL\.m2\repository\org\glassfish\jaxb\jaxb-jxc\4.0.5\jaxb-jxc-4.0.5.jar;C:\Users\DELL\.m2\repository\org\glassfish\jaxb\txw2\4.0.5\txw2-4.0.5.jar;C:\Users\DELL\.m2\repository\org\glassfish\jaxb\jaxb-xjc\4.0.5\jaxb-xjc-4.0.5.jar;C:\Users\DELL\.m2\repository\org\glassfish\jaxb\xsom\4.0.5\xsom-4.0.5.jar;C:\Users\DELL\.m2\repository\com\sun\istack\istack-commons-runtime\4.1.2\istack-commons-runtime-4.1.2.jar;C:\Users\DELL\.m2\repository\com\sun\istack\istack-commons-tools\4.1.2\istack-commons-tools-4.1.2.jar;C:\Users\DELL\.m2\repository\com\sun\xml\bind\external\relaxng-datatype\4.0.3\relaxng-datatype-4.0.3.jar;C:\Users\DELL\.m2\repository\com\sun\xml\bind\external\rngom\4.0.3\rngom-4.0.3.jar;C:\Users\DELL\.m2\repository\org\projectlombok\lombok\1.18.34\lombok-1.18.34.jar;C:\Users\DELL\.m2\repository\org\springframework\boot\spring-boot-starter-test\3.3.2\spring-boot-starter-test-3.3.2.jar;C:\Users\DELL\.m2\repository\org\springframework\boot\spring-boot-test\3.3.2\spring-boot-test-3.3.2.jar;C:\Users\DELL\.m2\repository\org\springframework\boot\spring-boot-test-autoconfigure\3.3.2\spring-boot-test-autoconfigure-3.3.2.jar;C:\Users\DELL\.m2\repository\com\jayway\jsonpath\json-path\2.9.0\json-path-2.9.0.jar;C:\Users\DELL\.m2\repository\jakarta\xml\bind\jakarta.xml.bind-api\4.0.2\jakarta.xml.bind-api-4.0.2.jar;C:\Users\DELL\.m2\repository\jakarta\activation\jakarta.activation-api\2.1.3\jakarta.activation-api-2.1.3.jar;C:\Users\DELL\.m2\repository\net\minidev\json-smart\2.5.1\json-smart-2.5.1.jar;C:\Users\DELL\.m2\repository\net\minidev\accessors-smart\2.5.1\accessors-smart-2.5.1.jar;C:\Users\DELL\.m2\repository\org\ow2\asm\asm\9.6\asm-9.6.jar;C:\Users\DELL\.m2\repository\org\assertj\assertj-core\3.25.3\assertj-core-3.25.3.jar;C:\Users\DELL\.m2\repository\org\awaitility\awaitility\4.2.1\awaitility-4.2.1.jar;C:\Users\DELL\.m2\repository\org\hamcrest\hamcrest\2.2\hamcrest-2.2.jar;C:\Users\DELL\.m2\repository\org\junit\jupiter\junit-jupiter\5.10.3\junit-jupiter-5.10.3.jar;C:\Users\DELL\.m2\repository\org\junit\jupiter\junit-jupiter-api\5.10.3\junit-jupiter-api-5.10.3.jar;C:\Users\DELL\.m2\repository\org\opentest4j\opentest4j\1.3.0\opentest4j-1.3.0.jar;C:\Users\DELL\.m2\repository\org\junit\platform\junit-platform-commons\1.10.3\junit-platform-commons-1.10.3.jar;C:\Users\DELL\.m2\repository\org\apiguardian\apiguardian-api\1.1.2\apiguardian-api-1.1.2.jar;C:\Users\DELL\.m2\repository\org\junit\jupiter\junit-jupiter-params\5.10.3\junit-jupiter-params-5.10.3.jar;C:\Users\DELL\.m2\repository\org\junit\jupiter\junit-jupiter-engine\5.10.3\junit-jupiter-engine-5.10.3.jar;C:\Users\DELL\.m2\repository\org\junit\platform\junit-platform-engine\1.10.3\junit-platform-engine-1.10.3.jar;C:\Users\DELL\.m2\repository\org\mockito\mockito-core\5.11.0\mockito-core-5.11.0.jar;C:\Users\DELL\.m2\repository\net\bytebuddy\byte-buddy-agent\1.14.18\byte-buddy-agent-1.14.18.jar;C:\Users\DELL\.m2\repository\org\objenesis\objenesis\3.3\objenesis-3.3.jar;C:\Users\DELL\.m2\repository\org\mockito\mockito-junit-jupiter\5.11.0\mockito-junit-jupiter-5.11.0.jar;C:\Users\DELL\.m2\repository\org\skyscreamer\jsonassert\1.5.3\jsonassert-1.5.3.jar;C:\Users\DELL\.m2\repository\com\vaadin\external\google\android-json\0.0.20131108.vaadin1\android-json-0.0.20131108.vaadin1.jar;C:\Users\DELL\.m2\repository\org\springframework\spring-core\6.1.11\spring-core-6.1.11.jar;C:\Users\DELL\.m2\repository\org\springframework\spring-jcl\6.1.11\spring-jcl-6.1.11.jar;C:\Users\DELL\.m2\repository\org\springframework\spring-test\6.1.11\spring-test-6.1.11.jar;C:\Users\DELL\.m2\repository\org\xmlunit\xmlunit-core\2.9.1\xmlunit-core-2.9.1.jar;C:\Users\DELL\.m2\repository\org\springframework\security\spring-security-test\6.3.1\spring-security-test-6.3.1.jar;C:\Users\DELL\.m2\repository\org\springframework\security\spring-security-core\6.3.1\spring-security-core-6.3.1.jar;C:\Users\DELL\.m2\repository\org\springframework\security\spring-security-crypto\6.3.1\spring-security-crypto-6.3.1.jar;C:\Users\DELL\.m2\repository\org\springframework\boot\spring-boot-starter-oauth2-authorization-server\3.3.2\spring-boot-starter-oauth2-authorization-server-3.3.2.jar;C:\Users\DELL\.m2\repository\org\springframework\security\spring-security-oauth2-authorization-server\1.3.1\spring-security-oauth2-authorization-server-1.3.1.jar;C:\Users\DELL\.m2\repository\org\springframework\security\spring-security-oauth2-core\6.3.1\spring-security-oauth2-core-6.3.1.jar;C:\Users\DELL\.m2\repository\org\springframework\security\spring-security-oauth2-jose\6.3.1\spring-security-oauth2-jose-6.3.1.jar;C:\Users\DELL\.m2\repository\org\springframework\security\spring-security-oauth2-resource-server\6.3.1\spring-security-oauth2-resource-server-6.3.1.jar;C:\Users\DELL\.m2\repository\com\nimbusds\nimbus-jose-jwt\9.39.3\nimbus-jose-jwt-9.39.3.jar;C:\Users\DELL\.m2\repository\org\hibernate\validator\hibernate-validator\8.0.0.Final\hibernate-validator-8.0.0.Final.jar;C:\Users\DELL\.m2\repository\jakarta\validation\jakarta.validation-api\3.0.2\jakarta.validation-api-3.0.2.jar;C:\Users\DELL\.m2\repository\org\jboss\logging\jboss-logging\3.5.3.Final\jboss-logging-3.5.3.Final.jar;C:\Users\DELL\.m2\repository\com\fasterxml\classmate\1.7.0\classmate-1.7.0.jar;C:\Users\DELL\.m2\repository\org\glassfish\jakarta.el\4.0.2\jakarta.el-4.0.2.jar;C:\Users\DELL\.m2\repository\jakarta\el\jakarta.el-api\4.0.0\jakarta.el-api-4.0.0.jar
Launcher Type: SUN_STANDARD

[Global flags]
     intx CICompilerCount                          = 3                                         {product} {ergonomic}
     uint ConcGCThreads                            = 1                                         {product} {ergonomic}
     uint G1ConcRefinementThreads                  = 4                                         {product} {ergonomic}
   size_t G1HeapRegionSize                         = 1048576                                   {product} {ergonomic}
    uintx GCDrainStackTargetSize                   = 64                                        {product} {ergonomic}
   size_t InitialHeapSize                          = 134217728                                 {product} {ergonomic}
   size_t MarkStackSize                            = 4194304                                   {product} {ergonomic}
   size_t MaxHeapSize                              = 2120220672                                {product} {ergonomic}
   size_t MaxNewSize                               = 1271922688                                {product} {ergonomic}
   size_t MinHeapDeltaBytes                        = 1048576                                   {product} {ergonomic}
   size_t MinHeapSize                              = 8388608                                   {product} {ergonomic}
    uintx NonNMethodCodeHeapSize                   = 5832780                                {pd product} {ergonomic}
    uintx NonProfiledCodeHeapSize                  = 122912730                              {pd product} {ergonomic}
    uintx ProfiledCodeHeapSize                     = 122912730                              {pd product} {ergonomic}
    uintx ReservedCodeCacheSize                    = 251658240                              {pd product} {ergonomic}
     bool SegmentedCodeCache                       = true                                      {product} {ergonomic}
   size_t SoftMaxHeapSize                          = 2120220672                             {manageable} {ergonomic}
     bool UseCompressedOops                        = true                           {product lp64_product} {ergonomic}
     bool UseG1GC                                  = true                                      {product} {ergonomic}
     bool UseLargePagesIndividualAllocation        = false                                  {pd product} {ergonomic}

Logging:
Log output configuration:
 #0: stdout all=warning uptime,level,tags foldmultilines=false
 #1: stderr all=off uptime,level,tags foldmultilines=false

Environment Variables:
JAVA_HOME=C:\Program Files\Java\jdk-21
PATH=C:\Program Files\Common Files\Oracle\Java\javapath;C:\Windows\system32;C:\Windows;C:\Windows\System32\Wbem;C:\Windows\System32\WindowsPowerShell\v1.0\;C:\Windows\System32\OpenSSH\;C:\Program Files (x86)\Microsoft SQL Server\150\DTS\Binn\;C:\Program Files\Microsoft SQL Server\Client SDK\ODBC\130\Tools\Binn\;C:\Program Files (x86)\Microsoft SQL Server\140\Tools\Binn\;C:\Program Files\Microsoft SQL Server\140\Tools\Binn\;C:\Program Files\Microsoft SQL Server\140\DTS\Binn\;C:\Program Files\Go\bin;C:\Program Files\nodejs\;C:\Program Files\Docker\Docker\resources\bin;%JAVA_HOME%\bin;C:\Program Files\Git\cmd;C:\Program Files\MySQL\MySQL Shell 8.0\bin\;C:\Users\DELL\AppData\Local\Programs\Python\Python312\Scripts\;C:\Users\DELL\AppData\Local\Programs\Python\Python312\;C:\Users\DELL\AppData\Local\Microsoft\WindowsApps;;C:\Program Files\JetBrains\IntelliJ IDEA 2023.2.5\bin;;C:\Program Files\mongosh\;C:\Users\DELL\go\bin;C:\Users\DELL\AppData\Local\Programs\Microsoft VS Code\bin;C:\Users\DELL\AppData\Roaming\npm
USERNAME=DELL
OS=Windows_NT
PROCESSOR_IDENTIFIER=Intel64 Family 6 Model 78 Stepping 3, GenuineIntel
TMP=C:\Users\DELL\AppData\Local\Temp
TEMP=C:\Users\DELL\AppData\Local\Temp




Periodic native trim disabled

---------------  S Y S T E M  ---------------

OS:
 Windows 11 , 64 bit Build 22621 (10.0.22621.3672)
OS uptime: 0 days 14:35 hours
Hyper-V role detected

CPU: total 4 (initial active 4) (2 cores per cpu, 2 threads per core) family 6 model 78 stepping 3 microcode 0xd6, cx8, cmov, fxsr, ht, mmx, 3dnowpref, sse, sse2, sse3, ssse3, sse4.1, sse4.2, popcnt, lzcnt, tsc, tscinvbit, avx, avx2, aes, erms, clmul, bmi1, bmi2, rtm, adx, fma, vzeroupper, clflush, clflushopt, hv, rdtscp, f16c
Processor Information for all 4 processors :
  Max Mhz: 2801, Current Mhz: 2801, Mhz Limit: 2801

Memory: 4k page, system-wide physical 8084M (418M free)
TotalPageFile size 32660M (AvailPageFile size 4M)
current process WorkingSet (physical memory assigned to process): 138M, peak: 138M
current process commit charge ("private bytes"): 254M, peak: 254M

vm_info: Java HotSpot(TM) 64-Bit Server VM (21.0.1+12-LTS-29) for windows-amd64 JRE (21.0.1+12-LTS-29), built on 2023-10-05T13:27:09Z by "mach5one" with MS VC++ 17.1 (VS2022)

END.
