#
# There is insufficient memory for the Java Runtime Environment to continue.
# Native memory allocation (mmap) failed to map 134217728 bytes for G1 virtual space
# Possible reasons:
#   The system is out of physical RAM or swap space
#   The process is running with CompressedOops enabled, and the Java Heap may be blocking the growth of the native heap
# Possible solutions:
#   Reduce memory load on the system
#   Increase physical memory or swap space
#   Check if swap backing store is full
#   Decrease Java heap size (-Xmx/-Xms)
#   Decrease number of Java threads
#   Decrease Java thread stack sizes (-Xss)
#   Set larger code cache with -XX:ReservedCodeCacheSize=
#   JVM is running with Unscaled Compressed Oops mode in which the Java heap is
#     placed in the first 4GB address space. The Java Heap base address is the
#     maximum limit for the native heap growth. Please use -XX:HeapBaseMinAddress
#     to set the Java Heap base and to place the Java Heap above 4GB virtual address.
# This output file may be truncated or incomplete.
#
#  Out of Memory Error (os_windows.cpp:3600), pid=15280, tid=24348
#
# JRE version:  (21.0.1+12) (build )
# Java VM: Java HotSpot(TM) 64-Bit Server VM (21.0.1+12-LTS-29, mixed mode, sharing, tiered, compressed oops, compressed class ptrs, g1 gc, windows-amd64)
# No core dump will be written. Minidumps are not enabled by default on client versions of Windows
#

---------------  S U M M A R Y ------------

Command Line: -Dmaven.multiModuleProjectDirectory=C:\Users\DELL\Downloads\COWORKING\COWORKING -Djansi.passthrough=true -Dmaven.home=C:\Users\DELL\.m2\wrapper\dists\apache-maven-3.9.7-bin\3k9n615lchs6mp84v355m633uo\apache-maven-3.9.7 -Dclassworlds.conf=C:\Users\DELL\.m2\wrapper\dists\apache-maven-3.9.7-bin\3k9n615lchs6mp84v355m633uo\apache-maven-3.9.7\bin\m2.conf -Dmaven.ext.class.path=C:\Program Files\JetBrains\IntelliJ IDEA 2023.2.5\plugins\maven\lib\maven-event-listener.jar -javaagent:C:\Program Files\JetBrains\IntelliJ IDEA 2023.2.5\lib\idea_rt.jar=54400:C:\Program Files\JetBrains\IntelliJ IDEA 2023.2.5\bin -Dfile.encoding=UTF-8 -Dsun.stdout.encoding=UTF-8 -Dsun.stderr.encoding=UTF-8 org.codehaus.classworlds.Launcher -Didea.version=2023.2.7 clean

Host: Intel(R) Core(TM) i7-6600U CPU @ 2.60GHz, 4 cores, 7G,  Windows 11 , 64 bit Build 22621 (10.0.22621.3672)
Time: Mon Aug 12 21:32:28 2024 W. Central Africa Standard Time elapsed time: 0.103045 seconds (0d 0h 0m 0s)

---------------  T H R E A D  ---------------

Current thread (0x000001e3a543abb0):  JavaThread "Unknown thread" [_thread_in_vm, id=24348, stack(0x000000ab95600000,0x000000ab95700000) (1024K)]

Stack: [0x000000ab95600000,0x000000ab95700000]
Native frames: (J=compiled Java code, j=interpreted, Vv=VM code, C=native code)
V  [jvm.dll+0x6c9029]
V  [jvm.dll+0x854b81]
V  [jvm.dll+0x856e5e]
V  [jvm.dll+0x857543]
V  [jvm.dll+0x280c06]
V  [jvm.dll+0x6c5715]
V  [jvm.dll+0x6ba10a]
V  [jvm.dll+0x3557ea]
V  [jvm.dll+0x35d436]
V  [jvm.dll+0x3ae1be]
V  [jvm.dll+0x3ae468]
V  [jvm.dll+0x3291fc]
V  [jvm.dll+0x329d8b]
V  [jvm.dll+0x81d179]
V  [jvm.dll+0x3bb4f1]
V  [jvm.dll+0x805ae8]
V  [jvm.dll+0x44effe]
V  [jvm.dll+0x450901]
C  [jli.dll+0x52a3]
C  [ucrtbase.dll+0x29333]
C  [KERNEL32.DLL+0x1257d]
C  [ntdll.dll+0x5af28]


---------------  P R O C E S S  ---------------

Threads class SMR info:
_java_thread_list=0x00007fff5dd09b88, length=0, elements={
}

Java Threads: ( => current thread )
Total: 0

Other Threads:
  0x000001e3a5495bb0 WorkerThread "GC Thread#0"                     [id=25752, stack(0x000000ab95700000,0x000000ab95800000) (1024K)]
  0x000001e3a54a6760 ConcurrentGCThread "G1 Main Marker"            [id=12632, stack(0x000000ab95800000,0x000000ab95900000) (1024K)]
  0x000001e3a54a7170 WorkerThread "G1 Conc#0"                       [id=132, stack(0x000000ab95900000,0x000000ab95a00000) (1024K)]

[error occurred during error reporting (printing all threads), id 0xc0000005, EXCEPTION_ACCESS_VIOLATION (0xc0000005) at pc=0x00007fff5d47c2c7]
VM state: not at safepoint (not fully initialized)

VM Mutex/Monitor currently owned by a thread:  ([mutex/lock_event])
[0x00007fff5dd7a6f8] Heap_lock - owner thread: 0x000001e3a543abb0

Heap address: 0x0000000081a00000, size: 2022 MB, Compressed Oops mode: 32-bit

CDS archive(s) mapped at: [0x0000000000000000-0x0000000000000000-0x0000000000000000), size 0, SharedBaseAddress: 0x0000000800000000, ArchiveRelocationMode: 1.
Narrow klass base: 0x0000000000000000, Narrow klass shift: 0, Narrow klass range: 0x0

GC Precious Log:
 CardTable entry size: 512
 Card Set container configuration: InlinePtr #cards 5 size 8 Array Of Cards #cards 12 size 40 Howl #buckets 4 coarsen threshold 1843 Howl Bitmap #cards 512 size 80 coarsen threshold 460 Card regions per heap region 1 cards per card region 2048

Heap:
 garbage-first heap   total 0K, used 0K [0x0000000081a00000, 0x0000000100000000)
  region size 1024K, 0 young (0K), 0 survivors (0K)

[error occurred during error reporting (printing heap information), id 0xc0000005, EXCEPTION_ACCESS_VIOLATION (0xc0000005) at pc=0x00007fff5d861be9]
GC Heap History (0 events):
No events

Dll operation events (1 events):
Event: 0.056 Loaded shared library C:\Program Files\Java\jdk-21\bin\java.dll

Deoptimization events (0 events):
No events

Classes loaded (0 events):
No events

Classes unloaded (0 events):
No events

Classes redefined (0 events):
No events

Internal exceptions (0 events):
No events

ZGC Phase Switch (0 events):
No events

VM Operations (0 events):
No events

Events (0 events):
No events


Dynamic libraries:
0x00007ff64ef50000 - 0x00007ff64ef60000 	C:\Program Files\Java\jdk-21\bin\java.exe
0x00007fffd50d0000 - 0x00007fffd52e7000 	C:\Windows\SYSTEM32\ntdll.dll
0x00007fffd3910000 - 0x00007fffd39d4000 	C:\Windows\System32\KERNEL32.DLL
0x00007fffd24f0000 - 0x00007fffd289d000 	C:\Windows\System32\KERNELBASE.dll
0x00007fffcf140000 - 0x00007fffcf1d7000 	C:\Windows\SYSTEM32\apphelp.dll
0x00007fffd2c30000 - 0x00007fffd2d41000 	C:\Windows\System32\ucrtbase.dll
0x00007fffbbc80000 - 0x00007fffbbc9b000 	C:\Program Files\Java\jdk-21\bin\VCRUNTIME140.dll
0x00007fffbbca0000 - 0x00007fffbbcb9000 	C:\Program Files\Java\jdk-21\bin\jli.dll
0x00007fffd4500000 - 0x00007fffd45b2000 	C:\Windows\System32\ADVAPI32.dll
0x00007fffd48c0000 - 0x00007fffd4967000 	C:\Windows\System32\msvcrt.dll
0x00007fffd3690000 - 0x00007fffd3739000 	C:\Windows\System32\sechost.dll
0x00007fffd2b60000 - 0x00007fffd2b88000 	C:\Windows\System32\bcrypt.dll
0x00007fffd3570000 - 0x00007fffd3684000 	C:\Windows\System32\RPCRT4.dll
0x00007fffd4ee0000 - 0x00007fffd508e000 	C:\Windows\System32\USER32.dll
0x00007fffd2b30000 - 0x00007fffd2b56000 	C:\Windows\System32\win32u.dll
0x00007fffd37c0000 - 0x00007fffd37e9000 	C:\Windows\System32\GDI32.dll
0x00007fffd2a10000 - 0x00007fffd2b29000 	C:\Windows\System32\gdi32full.dll
0x00007fffd2b90000 - 0x00007fffd2c2a000 	C:\Windows\System32\msvcp_win.dll
0x00007fffbcc20000 - 0x00007fffbceb3000 	C:\Windows\WinSxS\amd64_microsoft.windows.common-controls_6595b64144ccf1df_6.0.22621.3672_none_2713b9d173822955\COMCTL32.dll
0x00007fffd1f60000 - 0x00007fffd1f6a000 	C:\Windows\SYSTEM32\VERSION.dll
0x00007fffd44b0000 - 0x00007fffd44e1000 	C:\Windows\System32\IMM32.DLL
0x0000000073580000 - 0x000000007358c000 	C:\Program Files (x86)\360\Total Security\safemon\SafeWrapper.dll
0x00007fff954b0000 - 0x00007fff95542000 	C:\Program Files (x86)\360\Total Security\safemon\libzdtp64.dll
0x00007fffd3bc0000 - 0x00007fffd441f000 	C:\Windows\System32\SHELL32.dll
0x00007fffd38b0000 - 0x00007fffd390e000 	C:\Windows\System32\SHLWAPI.dll
0x00007fffc0e40000 - 0x00007fffc0e4c000 	C:\Program Files\Java\jdk-21\bin\vcruntime140_1.dll
0x00007fffa4430000 - 0x00007fffa44be000 	C:\Program Files\Java\jdk-21\bin\msvcp140.dll
0x00007fff5d140000 - 0x00007fff5de55000 	C:\Program Files\Java\jdk-21\bin\server\jvm.dll
0x00007fffd3740000 - 0x00007fffd37b1000 	C:\Windows\System32\WS2_32.dll
0x00007fffd22c0000 - 0x00007fffd230d000 	C:\Windows\SYSTEM32\POWRPROF.dll
0x00007fffc8330000 - 0x00007fffc8364000 	C:\Windows\SYSTEM32\WINMM.dll
0x00007fffd22a0000 - 0x00007fffd22b3000 	C:\Windows\SYSTEM32\UMPDC.dll
0x00007fffd1380000 - 0x00007fffd1398000 	C:\Windows\SYSTEM32\kernel.appcore.dll
0x00007fffbbc70000 - 0x00007fffbbc7a000 	C:\Program Files\Java\jdk-21\bin\jimage.dll
0x00007fffcfcd0000 - 0x00007fffcff02000 	C:\Windows\SYSTEM32\DBGHELP.DLL
0x00007fffd4b50000 - 0x00007fffd4ed8000 	C:\Windows\System32\combase.dll
0x00007fffd4a50000 - 0x00007fffd4b27000 	C:\Windows\System32\OLEAUT32.dll
0x00007fffb5df0000 - 0x00007fffb5e22000 	C:\Windows\SYSTEM32\dbgcore.DLL
0x00007fffd2470000 - 0x00007fffd24eb000 	C:\Windows\System32\bcryptPrimitives.dll
0x00007fffc0eb0000 - 0x00007fffc0ebf000 	C:\Program Files\Java\jdk-21\bin\instrument.dll
0x00007fffbb8e0000 - 0x00007fffbb8ff000 	C:\Program Files\Java\jdk-21\bin\java.dll

dbghelp: loaded successfully - version: 4.0.5 - missing functions: none
symbol engine: initialized successfully - sym options: 0x614 - pdb path: .;C:\Program Files\Java\jdk-21\bin;C:\Windows\SYSTEM32;C:\Windows\WinSxS\amd64_microsoft.windows.common-controls_6595b64144ccf1df_6.0.22621.3672_none_2713b9d173822955;C:\Program Files (x86)\360\Total Security\safemon;C:\Program Files\Java\jdk-21\bin\server

VM Arguments:
jvm_args: -Dmaven.multiModuleProjectDirectory=C:\Users\DELL\Downloads\COWORKING\COWORKING -Djansi.passthrough=true -Dmaven.home=C:\Users\DELL\.m2\wrapper\dists\apache-maven-3.9.7-bin\3k9n615lchs6mp84v355m633uo\apache-maven-3.9.7 -Dclassworlds.conf=C:\Users\DELL\.m2\wrapper\dists\apache-maven-3.9.7-bin\3k9n615lchs6mp84v355m633uo\apache-maven-3.9.7\bin\m2.conf -Dmaven.ext.class.path=C:\Program Files\JetBrains\IntelliJ IDEA 2023.2.5\plugins\maven\lib\maven-event-listener.jar -javaagent:C:\Program Files\JetBrains\IntelliJ IDEA 2023.2.5\lib\idea_rt.jar=54400:C:\Program Files\JetBrains\IntelliJ IDEA 2023.2.5\bin -Dfile.encoding=UTF-8 -Dsun.stdout.encoding=UTF-8 -Dsun.stderr.encoding=UTF-8 
java_command: org.codehaus.classworlds.Launcher -Didea.version=2023.2.7 clean
java_class_path (initial): C:\Users\DELL\.m2\wrapper\dists\apache-maven-3.9.7-bin\3k9n615lchs6mp84v355m633uo\apache-maven-3.9.7\boot\plexus-classworlds-2.8.0.jar;C:\Users\DELL\.m2\wrapper\dists\apache-maven-3.9.7-bin\3k9n615lchs6mp84v355m633uo\apache-maven-3.9.7\boot\plexus-classworlds.license
Launcher Type: SUN_STANDARD

[Global flags]
     intx CICompilerCount                          = 3                                         {product} {ergonomic}
     uint ConcGCThreads                            = 1                                         {product} {ergonomic}
     uint G1ConcRefinementThreads                  = 4                                         {product} {ergonomic}
   size_t G1HeapRegionSize                         = 1048576                                   {product} {ergonomic}
    uintx GCDrainStackTargetSize                   = 64                                        {product} {ergonomic}
   size_t InitialHeapSize                          = 134217728                                 {product} {ergonomic}
   size_t MarkStackSize                            = 4194304                                   {product} {ergonomic}
   size_t MaxHeapSize                              = 2120220672                                {product} {ergonomic}
   size_t MinHeapDeltaBytes                        = 1048576                                   {product} {ergonomic}
   size_t MinHeapSize                              = 8388608                                   {product} {ergonomic}
    uintx NonNMethodCodeHeapSize                   = 5832780                                {pd product} {ergonomic}
    uintx NonProfiledCodeHeapSize                  = 122912730                              {pd product} {ergonomic}
    uintx ProfiledCodeHeapSize                     = 122912730                              {pd product} {ergonomic}
    uintx ReservedCodeCacheSize                    = 251658240                              {pd product} {ergonomic}
     bool SegmentedCodeCache                       = true                                      {product} {ergonomic}
   size_t SoftMaxHeapSize                          = 2120220672                             {manageable} {ergonomic}
     bool UseCompressedOops                        = true                           {product lp64_product} {ergonomic}
     bool UseG1GC                                  = true                                      {product} {ergonomic}
     bool UseLargePagesIndividualAllocation        = false                                  {pd product} {ergonomic}

Logging:
Log output configuration:
 #0: stdout all=warning uptime,level,tags foldmultilines=false
 #1: stderr all=off uptime,level,tags foldmultilines=false

Environment Variables:
JAVA_HOME=C:\Program Files\Java\jdk-21
PATH=C:\Program Files\Common Files\Oracle\Java\javapath;C:\Windows\system32;C:\Windows;C:\Windows\System32\Wbem;C:\Windows\System32\WindowsPowerShell\v1.0\;C:\Windows\System32\OpenSSH\;C:\Program Files (x86)\Microsoft SQL Server\150\DTS\Binn\;C:\Program Files\Microsoft SQL Server\Client SDK\ODBC\130\Tools\Binn\;C:\Program Files (x86)\Microsoft SQL Server\140\Tools\Binn\;C:\Program Files\Microsoft SQL Server\140\Tools\Binn\;C:\Program Files\Microsoft SQL Server\140\DTS\Binn\;C:\Program Files\Go\bin;C:\Program Files\nodejs\;C:\Program Files\Docker\Docker\resources\bin;%JAVA_HOME%\bin;C:\Program Files\Git\cmd;C:\Program Files\MySQL\MySQL Shell 8.0\bin\;C:\Users\DELL\AppData\Local\Programs\Python\Python312\Scripts\;C:\Users\DELL\AppData\Local\Programs\Python\Python312\;C:\Users\DELL\AppData\Local\Microsoft\WindowsApps;;C:\Program Files\JetBrains\IntelliJ IDEA 2023.2.5\bin;;C:\Program Files\mongosh\;C:\Users\DELL\go\bin;C:\Users\DELL\AppData\Local\Programs\Microsoft VS Code\bin;C:\Users\DELL\AppData\Roaming\npm
USERNAME=DELL
OS=Windows_NT
PROCESSOR_IDENTIFIER=Intel64 Family 6 Model 78 Stepping 3, GenuineIntel
TMP=C:\Users\DELL\AppData\Local\Temp
TEMP=C:\Users\DELL\AppData\Local\Temp




Periodic native trim disabled

---------------  S Y S T E M  ---------------

OS:
 Windows 11 , 64 bit Build 22621 (10.0.22621.3672)
OS uptime: 0 days 14:33 hours
Hyper-V role detected

CPU: total 4 (initial active 4) (2 cores per cpu, 2 threads per core) family 6 model 78 stepping 3 microcode 0xd6, cx8, cmov, fxsr, ht, mmx, 3dnowpref, sse, sse2, sse3, ssse3, sse4.1, sse4.2, popcnt, lzcnt, tsc, tscinvbit, avx, avx2, aes, erms, clmul, bmi1, bmi2, rtm, adx, fma, vzeroupper, clflush, clflushopt, hv, rdtscp, f16c
Processor Information for processor 0
  Max Mhz: 2801, Current Mhz: 1500, Mhz Limit: 2801
Processor Information for processor 1
  Max Mhz: 2801, Current Mhz: 2801, Mhz Limit: 2801
Processor Information for processor 2
  Max Mhz: 2801, Current Mhz: 2801, Mhz Limit: 2801
Processor Information for processor 3
  Max Mhz: 2801, Current Mhz: 2801, Mhz Limit: 2801

Memory: 4k page, system-wide physical 8084M (398M free)
TotalPageFile size 32660M (AvailPageFile size 90M)
current process WorkingSet (physical memory assigned to process): 13M, peak: 13M
current process commit charge ("private bytes"): 52M, peak: 180M

vm_info: Java HotSpot(TM) 64-Bit Server VM (21.0.1+12-LTS-29) for windows-amd64 JRE (21.0.1+12-LTS-29), built on 2023-10-05T13:27:09Z by "mach5one" with MS VC++ 17.1 (VS2022)

END.
